[ 2017-12-12T15:31:17+08:00 ] 127.0.0.1 /Gamebbs/Posts2/art
ERR: 无法加载控制器:Gamebbs

[ 2017-12-12T15:31:30+08:00 ] 127.0.0.1 /Login/check_verifycode.html
INFO: [ app_begin ] --START--
INFO: Run Behavior\ReadHtmlCacheBehavior [ RunTime:0.000777s ]
INFO: [ app_begin ] --END-- [ RunTime:0.001165s ]
NOTIC: [8] Undefined variable: id F:\xampp\htdocs\cuit_check\Application\Home\Controller\LoginController.class.php 第 49 行.

[ 2017-12-12T15:31:30+08:00 ] 127.0.0.1 /Login/check_login.html
INFO: [ app_begin ] --START--
INFO: Run Behavior\ReadHtmlCacheBehavior [ RunTime:0.000283s ]
INFO: [ app_begin ] --END-- [ RunTime:0.000526s ]
ERR: SQLSTATE[HY000] [1045] Access denied for user 'root'@'localhost' (using password: YES)

[ 2017-12-12T15:31:33+08:00 ] 127.0.0.1 /Login/check_verifycode.html
INFO: [ app_begin ] --START--
INFO: Run Behavior\ReadHtmlCacheBehavior [ RunTime:0.000310s ]
INFO: [ app_begin ] --END-- [ RunTime:0.000531s ]
NOTIC: [8] Undefined variable: id F:\xampp\htdocs\cuit_check\Application\Home\Controller\LoginController.class.php 第 49 行.

[ 2017-12-12T15:31:37+08:00 ] 127.0.0.1 /Login/check_verifycode.html
INFO: [ app_begin ] --START--
INFO: Run Behavior\ReadHtmlCacheBehavior [ RunTime:0.000327s ]
INFO: [ app_begin ] --END-- [ RunTime:0.000553s ]
NOTIC: [8] Undefined variable: id F:\xampp\htdocs\cuit_check\Application\Home\Controller\LoginController.class.php 第 49 行.

[ 2017-12-12T15:31:37+08:00 ] 127.0.0.1 /Login/check_login.html
INFO: [ app_begin ] --START--
INFO: Run Behavior\ReadHtmlCacheBehavior [ RunTime:0.000284s ]
INFO: [ app_begin ] --END-- [ RunTime:0.000530s ]
ERR: SQLSTATE[HY000] [1045] Access denied for user 'root'@'localhost' (using password: YES)

[ 2017-12-12T15:31:48+08:00 ] 127.0.0.1 /Login/check_verifycode.html
INFO: [ app_begin ] --START--
INFO: Run Behavior\ReadHtmlCacheBehavior [ RunTime:0.000284s ]
INFO: [ app_begin ] --END-- [ RunTime:0.000513s ]
NOTIC: [8] Undefined variable: id F:\xampp\htdocs\cuit_check\Application\Home\Controller\LoginController.class.php 第 49 行.

[ 2017-12-12T15:32:55+08:00 ] 127.0.0.1 /Login/check_verifycode.html
INFO: [ app_begin ] --START--
INFO: Run Behavior\ReadHtmlCacheBehavior [ RunTime:0.000363s ]
INFO: [ app_begin ] --END-- [ RunTime:0.000704s ]
NOTIC: [8] Undefined variable: id F:\xampp\htdocs\cuit_check\Application\Home\Controller\LoginController.class.php 第 49 行.

[ 2017-12-12T15:32:55+08:00 ] 127.0.0.1 /Login/check_login.html
INFO: [ app_begin ] --START--
INFO: Run Behavior\ReadHtmlCacheBehavior [ RunTime:0.000276s ]
INFO: [ app_begin ] --END-- [ RunTime:0.000495s ]
ERR: SQLSTATE[HY000] [1045] Access denied for user 'cuitcheck2'@'182.150.27.61' (using password: YES)

[ 2017-12-12T15:33:34+08:00 ] 127.0.0.1 /Login/check_verifycode.html
INFO: [ app_begin ] --START--
INFO: Run Behavior\ReadHtmlCacheBehavior [ RunTime:0.000791s ]
INFO: [ app_begin ] --END-- [ RunTime:0.001162s ]
NOTIC: [8] Undefined variable: id F:\xampp\htdocs\cuit_check\Application\Home\Controller\LoginController.class.php 第 49 行.

[ 2017-12-12T15:33:38+08:00 ] 127.0.0.1 /Login/check_verifycode.html
INFO: [ app_begin ] --START--
INFO: Run Behavior\ReadHtmlCacheBehavior [ RunTime:0.000313s ]
INFO: [ app_begin ] --END-- [ RunTime:0.000594s ]
NOTIC: [8] Undefined variable: id F:\xampp\htdocs\cuit_check\Application\Home\Controller\LoginController.class.php 第 49 行.

[ 2017-12-12T15:33:38+08:00 ] 127.0.0.1 /Login/check_login.html
INFO: [ app_begin ] --START--
INFO: Run Behavior\ReadHtmlCacheBehavior [ RunTime:0.000400s ]
INFO: [ app_begin ] --END-- [ RunTime:0.000654s ]
ERR: 1046:No database selected
 [ SQL语句 ] : SHOW COLUMNS FROM `kh_sysuser`
ERR: 1046:No database selected
 [ SQL语句 ] : SHOW COLUMNS FROM `kh_sysuser`

[ 2017-12-12T15:34:03+08:00 ] 127.0.0.1 /Login/check_verifycode.html
INFO: [ app_begin ] --START--
INFO: Run Behavior\ReadHtmlCacheBehavior [ RunTime:0.000368s ]
INFO: [ app_begin ] --END-- [ RunTime:0.000709s ]
NOTIC: [8] Undefined variable: id F:\xampp\htdocs\cuit_check\Application\Home\Controller\LoginController.class.php 第 49 行.

[ 2017-12-12T15:34:08+08:00 ] 127.0.0.1 /Login/check_verifycode.html
INFO: [ app_begin ] --START--
INFO: Run Behavior\ReadHtmlCacheBehavior [ RunTime:0.000348s ]
INFO: [ app_begin ] --END-- [ RunTime:0.000632s ]
NOTIC: [8] Undefined variable: id F:\xampp\htdocs\cuit_check\Application\Home\Controller\LoginController.class.php 第 49 行.

[ 2017-12-12T15:34:08+08:00 ] 127.0.0.1 /Login/check_login.html
INFO: [ app_begin ] --START--
INFO: Run Behavior\ReadHtmlCacheBehavior [ RunTime:0.000315s ]
INFO: [ app_begin ] --END-- [ RunTime:0.000539s ]
SQL: SHOW COLUMNS FROM `kh_sysuser` [ RunTime:0.0407s ]
SQL: SELECT * FROM `kh_sysuser` WHERE `account` = 'taolei' AND `password` = 'd93a5def7511da3d0f2d171d9c344e91'  [ RunTime:0.0397s ]
SQL: SHOW COLUMNS FROM `kh_log` [ RunTime:0.0405s ]
NOTIC: [8] Undefined index: validate F:\xampp\htdocs\cuit_check\ThinkPHP\Library\Think\Model.class.php 第 1185 行.
NOTIC: [8] Undefined index: auto F:\xampp\htdocs\cuit_check\ThinkPHP\Library\Think\Model.class.php 第 1128 行.
SQL: INSERT INTO `kh_log` (`user_account`,`handlemethod`,`createip`,`create_date`,`create_by`,`del_flag`) VALUES ('taolei','/Home/Login/check_login','127.0.0.1','2017-12-12 15:34:08','taolei','1') [ RunTime:0.0398s ]

[ 2017-12-12T15:34:08+08:00 ] 127.0.0.1 /cuitcheck/Uploads/UserPhoto/sysuser_1.jpeg
ERR: 无法加载控制器:Cuitcheck

[ 2017-12-12T15:34:10+08:00 ] 127.0.0.1 /Home/Index/GetMenulist.html
INFO: [ app_begin ] --START--
INFO: Run Behavior\ReadHtmlCacheBehavior [ RunTime:0.000344s ]
INFO: [ app_begin ] --END-- [ RunTime:0.000684s ]
SQL: SHOW COLUMNS FROM `kh_menu` [ RunTime:0.0391s ]
SQL: SELECT `id`,`name`,`url`,`sort`,`icon` FROM `kh_menu` WHERE `parent_id` = 0 AND `del_flag` = 1 ORDER BY sort asc  [ RunTime:0.0388s ]
SQL: SHOW COLUMNS FROM `kh_sysuser` [ RunTime:0.0400s ]
SQL: SELECT `id`,`account`,`name`,`sex`,`photo`,`phone`,`email`,`role`,`status`,`dept_id` FROM `kh_sysuser` WHERE `account` = 'taolei' LIMIT 1   [ RunTime:0.0378s ]
SQL: SELECT `id`,`name`,`url`,`sort`,`icon` FROM `kh_menu` WHERE `parent_id` = 3 ORDER BY sort asc  [ RunTime:0.0386s ]
SQL: SELECT `id`,`name`,`url`,`sort`,`icon` FROM `kh_menu` WHERE `parent_id` = 9 ORDER BY sort asc  [ RunTime:0.0392s ]
SQL: SELECT `id`,`name`,`url`,`sort`,`icon` FROM `kh_menu` WHERE `parent_id` = 1 ORDER BY sort asc  [ RunTime:0.0409s ]
SQL: SELECT `id`,`name`,`url`,`sort`,`icon` FROM `kh_menu` WHERE `parent_id` = 11 ORDER BY sort asc  [ RunTime:0.0407s ]
SQL: SELECT `id`,`name`,`url`,`sort`,`icon` FROM `kh_menu` WHERE `parent_id` = 17 ORDER BY sort asc  [ RunTime:0.0458s ]
SQL: SELECT `id`,`name`,`url`,`sort`,`icon` FROM `kh_menu` WHERE `parent_id` = 23 ORDER BY sort asc  [ RunTime:0.0375s ]
SQL: SELECT `id`,`name`,`url`,`sort`,`icon` FROM `kh_menu` WHERE `parent_id` = 28 ORDER BY sort asc  [ RunTime:0.0381s ]
SQL: SELECT `id`,`name`,`url`,`sort`,`icon` FROM `kh_menu` WHERE `parent_id` = 32 ORDER BY sort asc  [ RunTime:0.0373s ]
SQL: SHOW COLUMNS FROM `kh_auth_group_access` [ RunTime:0.0381s ]
SQL: SELECT `uid`,`group_id`,`title`,`rules` FROM kh_auth_group_access a INNER JOIN kh_auth_group g on a.group_id=g.id  WHERE ( a.uid='1' and g.status='1' )  [ RunTime:0.0377s ]
SQL: SHOW COLUMNS FROM `kh_auth_rule` [ RunTime:0.0389s ]
SQL: SELECT `condition`,`name` FROM `kh_auth_rule` WHERE `id` IN ('1','2','3','4','17','18','19','20','24','5','6','27','8','9','15','16','28','11','12','13','14','23','25','21','22','26','39','29','30','31','38','32','33','34','35','36') AND `type` = 1 AND `status` = 1  [ RunTime:0.0392s ]

[ 2017-12-12T15:35:10+08:00 ] 127.0.0.1 /cuitcheck/Uploads/UserPhoto/sysuser_1.jpeg
ERR: 无法加载控制器:Cuitcheck

[ 2017-12-12T15:35:12+08:00 ] 127.0.0.1 /Home/Index/GetMenulist.html
INFO: [ app_begin ] --START--
INFO: Run Behavior\ReadHtmlCacheBehavior [ RunTime:0.000909s ]
INFO: [ app_begin ] --END-- [ RunTime:0.001549s ]
SQL: SHOW COLUMNS FROM `kh_menu` [ RunTime:0.0392s ]
SQL: SELECT `id`,`name`,`url`,`sort`,`icon` FROM `kh_menu` WHERE `parent_id` = 0 AND `del_flag` = 1 ORDER BY sort asc  [ RunTime:0.0393s ]
SQL: SHOW COLUMNS FROM `kh_sysuser` [ RunTime:0.0392s ]
SQL: SELECT `id`,`account`,`name`,`sex`,`photo`,`phone`,`email`,`role`,`status`,`dept_id` FROM `kh_sysuser` WHERE `account` = 'taolei' LIMIT 1   [ RunTime:0.0389s ]
SQL: SELECT `id`,`name`,`url`,`sort`,`icon` FROM `kh_menu` WHERE `parent_id` = 3 ORDER BY sort asc  [ RunTime:0.0387s ]
SQL: SELECT `id`,`name`,`url`,`sort`,`icon` FROM `kh_menu` WHERE `parent_id` = 9 ORDER BY sort asc  [ RunTime:0.0400s ]
SQL: SELECT `id`,`name`,`url`,`sort`,`icon` FROM `kh_menu` WHERE `parent_id` = 1 ORDER BY sort asc  [ RunTime:0.0378s ]
SQL: SELECT `id`,`name`,`url`,`sort`,`icon` FROM `kh_menu` WHERE `parent_id` = 11 ORDER BY sort asc  [ RunTime:0.0390s ]
SQL: SELECT `id`,`name`,`url`,`sort`,`icon` FROM `kh_menu` WHERE `parent_id` = 17 ORDER BY sort asc  [ RunTime:0.0388s ]
SQL: SELECT `id`,`name`,`url`,`sort`,`icon` FROM `kh_menu` WHERE `parent_id` = 23 ORDER BY sort asc  [ RunTime:0.0385s ]
SQL: SELECT `id`,`name`,`url`,`sort`,`icon` FROM `kh_menu` WHERE `parent_id` = 28 ORDER BY sort asc  [ RunTime:0.0388s ]
SQL: SELECT `id`,`name`,`url`,`sort`,`icon` FROM `kh_menu` WHERE `parent_id` = 32 ORDER BY sort asc  [ RunTime:0.0388s ]
SQL: SHOW COLUMNS FROM `kh_auth_group_access` [ RunTime:0.0388s ]
SQL: SELECT `uid`,`group_id`,`title`,`rules` FROM kh_auth_group_access a INNER JOIN kh_auth_group g on a.group_id=g.id  WHERE ( a.uid='1' and g.status='1' )  [ RunTime:0.0389s ]
SQL: SHOW COLUMNS FROM `kh_auth_rule` [ RunTime:0.0392s ]
SQL: SELECT `condition`,`name` FROM `kh_auth_rule` WHERE `id` IN ('1','2','3','4','17','18','19','20','24','5','6','27','8','9','15','16','28','11','12','13','14','23','25','21','22','26','39','29','30','31','38','32','33','34','35','36') AND `type` = 1 AND `status` = 1  [ RunTime:0.0383s ]

[ 2017-12-12T15:35:12+08:00 ] 127.0.0.1 /Public/static/css/bootstrap.min.css.map
ERR: 无法加载控制器:Public

[ 2017-12-12T15:35:22+08:00 ] 127.0.0.1 /Public/static/js/menuManage.js
ERR: 无法加载控制器:Public

[ 2017-12-12T15:36:57+08:00 ] 127.0.0.1 /Public/static/css/bootstrap.min.css.map
ERR: 无法加载控制器:Public

[ 2017-12-12T15:53:35+08:00 ] 10.0.7.44 /Login/check_verifycode.html
INFO: [ app_begin ] --START--
INFO: Run Behavior\ReadHtmlCacheBehavior [ RunTime:0.000292s ]
INFO: [ app_begin ] --END-- [ RunTime:0.000598s ]
NOTIC: [8] Undefined variable: id F:\xampp\htdocs\cuit_check\Application\Home\Controller\LoginController.class.php 第 49 行.

[ 2017-12-12T15:53:36+08:00 ] 10.0.7.44 /Login/check_login.html
INFO: [ app_begin ] --START--
INFO: Run Behavior\ReadHtmlCacheBehavior [ RunTime:0.000293s ]
INFO: [ app_begin ] --END-- [ RunTime:0.000614s ]
SQL: SHOW COLUMNS FROM `kh_sysuser` [ RunTime:0.0639s ]
SQL: SELECT * FROM `kh_sysuser` WHERE `account` = 'taolei' AND `password` = '15cac93107738a268f18814796d9fd56'  [ RunTime:0.0718s ]

[ 2017-12-12T15:54:06+08:00 ] 10.0.7.44 /Login/check_verifycode.html
INFO: [ app_begin ] --START--
INFO: Run Behavior\ReadHtmlCacheBehavior [ RunTime:0.000274s ]
INFO: [ app_begin ] --END-- [ RunTime:0.000486s ]
NOTIC: [8] Undefined variable: id F:\xampp\htdocs\cuit_check\Application\Home\Controller\LoginController.class.php 第 49 行.

[ 2017-12-12T15:54:06+08:00 ] 10.0.7.44 /Login/check_login.html
INFO: [ app_begin ] --START--
INFO: Run Behavior\ReadHtmlCacheBehavior [ RunTime:0.000329s ]
INFO: [ app_begin ] --END-- [ RunTime:0.000654s ]
SQL: SHOW COLUMNS FROM `kh_sysuser` [ RunTime:0.0666s ]
SQL: SELECT * FROM `kh_sysuser` WHERE `account` = 'taolei' AND `password` = 'd93a5def7511da3d0f2d171d9c344e91'  [ RunTime:0.0588s ]
SQL: SHOW COLUMNS FROM `kh_log` [ RunTime:0.0523s ]
NOTIC: [8] Undefined index: validate F:\xampp\htdocs\cuit_check\ThinkPHP\Library\Think\Model.class.php 第 1185 行.
NOTIC: [8] Undefined index: auto F:\xampp\htdocs\cuit_check\ThinkPHP\Library\Think\Model.class.php 第 1128 行.
SQL: INSERT INTO `kh_log` (`user_account`,`handlemethod`,`createip`,`create_date`,`create_by`,`del_flag`) VALUES ('taolei','/Home/Login/check_login','10.0.7.44','2017-12-12 15:54:06','taolei','1') [ RunTime:0.0558s ]

[ 2017-12-12T15:54:07+08:00 ] 10.0.7.44 /cuitcheck/Uploads/UserPhoto/sysuser_1.jpeg
ERR: 无法加载控制器:Cuitcheck

[ 2017-12-12T15:54:08+08:00 ] 10.0.7.44 /Public/static/css/bootstrap.min.css.map
ERR: 无法加载控制器:Public

[ 2017-12-12T15:54:09+08:00 ] 10.0.7.44 /Home/Index/GetMenulist.html
INFO: [ app_begin ] --START--
INFO: Run Behavior\ReadHtmlCacheBehavior [ RunTime:0.000427s ]
INFO: [ app_begin ] --END-- [ RunTime:0.000692s ]
SQL: SHOW COLUMNS FROM `kh_menu` [ RunTime:0.0714s ]
SQL: SELECT `id`,`name`,`url`,`sort`,`icon` FROM `kh_menu` WHERE `parent_id` = 0 AND `del_flag` = 1 ORDER BY sort asc  [ RunTime:0.0613s ]
SQL: SHOW COLUMNS FROM `kh_sysuser` [ RunTime:0.0642s ]
SQL: SELECT `id`,`account`,`name`,`sex`,`photo`,`phone`,`email`,`role`,`status`,`dept_id` FROM `kh_sysuser` WHERE `account` = 'taolei' LIMIT 1   [ RunTime:0.0675s ]
SQL: SELECT `id`,`name`,`url`,`sort`,`icon` FROM `kh_menu` WHERE `parent_id` = 3 ORDER BY sort asc  [ RunTime:0.0710s ]
SQL: SELECT `id`,`name`,`url`,`sort`,`icon` FROM `kh_menu` WHERE `parent_id` = 9 ORDER BY sort asc  [ RunTime:0.0701s ]
SQL: SELECT `id`,`name`,`url`,`sort`,`icon` FROM `kh_menu` WHERE `parent_id` = 1 ORDER BY sort asc  [ RunTime:0.0690s ]
SQL: SELECT `id`,`name`,`url`,`sort`,`icon` FROM `kh_menu` WHERE `parent_id` = 11 ORDER BY sort asc  [ RunTime:0.0702s ]
SQL: SELECT `id`,`name`,`url`,`sort`,`icon` FROM `kh_menu` WHERE `parent_id` = 17 ORDER BY sort asc  [ RunTime:0.0711s ]
SQL: SELECT `id`,`name`,`url`,`sort`,`icon` FROM `kh_menu` WHERE `parent_id` = 23 ORDER BY sort asc  [ RunTime:0.0575s ]
SQL: SELECT `id`,`name`,`url`,`sort`,`icon` FROM `kh_menu` WHERE `parent_id` = 28 ORDER BY sort asc  [ RunTime:0.0600s ]
SQL: SELECT `id`,`name`,`url`,`sort`,`icon` FROM `kh_menu` WHERE `parent_id` = 32 ORDER BY sort asc  [ RunTime:0.0673s ]
SQL: SHOW COLUMNS FROM `kh_auth_group_access` [ RunTime:0.0579s ]
SQL: SELECT `uid`,`group_id`,`title`,`rules` FROM kh_auth_group_access a INNER JOIN kh_auth_group g on a.group_id=g.id  WHERE ( a.uid='1' and g.status='1' )  [ RunTime:0.0632s ]
SQL: SHOW COLUMNS FROM `kh_auth_rule` [ RunTime:0.0685s ]
SQL: SELECT `condition`,`name` FROM `kh_auth_rule` WHERE `id` IN ('1','2','3','4','17','18','19','20','24','5','6','27','8','9','15','16','28','11','12','13','14','23','25','21','22','26','39','29','30','31','38','32','33','34','35','36') AND `type` = 1 AND `status` = 1  [ RunTime:0.0662s ]

[ 2017-12-12T15:54:15+08:00 ] 10.0.7.44 /cuitcheck/Uploads/UserPhoto/sysuser_1.jpeg
ERR: 无法加载控制器:Cuitcheck

[ 2017-12-12T15:54:39+08:00 ] 10.0.7.44 /Public/static/js/menuManage.js
ERR: 无法加载控制器:Public

[ 2017-12-12T15:54:39+08:00 ] 10.0.7.44 /Public/static/js/menuManage.js
ERR: 无法加载控制器:Public

[ 2017-12-12T15:54:53+08:00 ] 10.0.7.44 /Home/System/editMenu.html
INFO: [ app_begin ] --START--
INFO: Run Behavior\ReadHtmlCacheBehavior [ RunTime:0.000275s ]
INFO: [ app_begin ] --END-- [ RunTime:0.000492s ]
SQL: SHOW COLUMNS FROM `kh_menu` [ RunTime:0.0607s ]
NOTIC: [8] Undefined index: validate F:\xampp\htdocs\cuit_check\ThinkPHP\Library\Think\Model.class.php 第 1185 行.
NOTIC: [8] Undefined index: auto F:\xampp\htdocs\cuit_check\ThinkPHP\Library\Think\Model.class.php 第 1128 行.
SQL: UPDATE `kh_menu` SET `name`='行课班级管理',`url`='Home/CourseclassMgr/courseclassList',`sort`='4',`icon`='icon-icon57' WHERE `id` = 16 [ RunTime:0.1202s ]

[ 2017-12-12T15:54:54+08:00 ] 10.0.7.44 /Public/static/js/menuManage.js
ERR: 无法加载控制器:Public

[ 2017-12-12T15:54:54+08:00 ] 10.0.7.44 /Public/static/js/menuManage.js
ERR: 无法加载控制器:Public

[ 2017-12-12T15:58:27+08:00 ] 10.0.7.44 /index.php/Home/ChapterMgr/getChapterList
INFO: [ app_begin ] --START--
INFO: Run Behavior\ReadHtmlCacheBehavior [ RunTime:0.000294s ]
INFO: [ app_begin ] --END-- [ RunTime:0.000505s ]
SQL: SHOW COLUMNS FROM `kh_sysuser` [ RunTime:0.0701s ]
SQL: SELECT `dept_id` FROM `kh_sysuser` WHERE `account` = 'taolei' AND `del_flag` = 1 LIMIT 1   [ RunTime:0.0605s ]
SQL: SHOW COLUMNS FROM `kh_college` [ RunTime:0.0608s ]
SQL: SELECT `id` FROM `kh_college` LIMIT 1   [ RunTime:0.0682s ]
SQL: SHOW COLUMNS FROM `kh_course` [ RunTime:0.0611s ]
SQL: SELECT `id`,`name` FROM `kh_course` WHERE `del_flag` = 1 AND `college_id` = 4  [ RunTime:0.0616s ]
SQL: SHOW COLUMNS FROM `kh_lession` [ RunTime:0.0636s ]
SQL: SELECT `id`,`name`,`course_id` FROM `kh_lession` WHERE `course_id` = 1 AND `del_flag` = 1  [ RunTime:0.0678s ]
SQL: SHOW COLUMNS FROM `kh_chapter` [ RunTime:0.0643s ]
SQL: SELECT * FROM `kh_chapter` WHERE `lession_id` = 1 AND `del_flag` = 1 ORDER BY sortnumber  [ RunTime:0.0678s ]
SQL: SELECT `id`,`name`,`course_id` FROM `kh_lession` WHERE `course_id` = 2 AND `del_flag` = 1  [ RunTime:0.0666s ]
SQL: SELECT * FROM `kh_chapter` WHERE `lession_id` = 2 AND `del_flag` = 1 ORDER BY sortnumber  [ RunTime:0.0580s ]
SQL: SELECT * FROM `kh_chapter` WHERE `lession_id` = 3 AND `del_flag` = 1 ORDER BY sortnumber  [ RunTime:0.0496s ]
SQL: SELECT `id`,`name`,`course_id` FROM `kh_lession` WHERE `course_id` = 5 AND `del_flag` = 1  [ RunTime:0.0576s ]

[ 2017-12-12T15:58:38+08:00 ] 10.0.7.44 /index.php/Home/ChapterMgr/getChapterItem
INFO: [ app_begin ] --START--
INFO: Run Behavior\ReadHtmlCacheBehavior [ RunTime:0.000281s ]
INFO: [ app_begin ] --END-- [ RunTime:0.000506s ]
SQL: SHOW COLUMNS FROM `kh_chapter` [ RunTime:0.0463s ]
SQL: SELECT kh_chapter.id,kh_chapter.name,kh_chapter.sortnumber,kh_chapter.create_date,kh_chapter.comment,kh_chapter.lession_id,kh_lession.name as lessionname FROM `kh_chapter` LEFT join kh_lession ON kh_lession.id = kh_chapter.lession_id  WHERE kh_chapter.id = '6' LIMIT 1   [ RunTime:0.0441s ]
INFO: [ view_parse ] --START--
INFO: [ template_filter ] --START--
INFO: Run Behavior\ContentReplaceBehavior [ RunTime:0.000049s ]
INFO: [ template_filter ] --END-- [ RunTime:0.000075s ]
NOTIC: [8] Undefined variable: course F:\xampp\htdocs\cuit_check\Runtime\Cache\Home\9de962d165f6e09ed7b2f707805cbb1e.php 第 91 行.
INFO: Run Behavior\ParseTemplateBehavior [ RunTime:0.006038s ]
INFO: [ view_parse ] --END-- [ RunTime:0.006061s ]
INFO: [ view_filter ] --START--
INFO: Run Behavior\WriteHtmlCacheBehavior [ RunTime:0.000204s ]
INFO: [ view_filter ] --END-- [ RunTime:0.000219s ]
INFO: [ app_end ] --START--
INFO: Run Behavior\ShowPageTraceBehavior [ RunTime:0.000355s ]
INFO: [ app_end ] --END-- [ RunTime:0.000390s ]

[ 2017-12-12T15:58:43+08:00 ] 10.0.7.44 /index.php/Home/ChapterMgr/getChapterItem
INFO: [ app_begin ] --START--
INFO: Run Behavior\ReadHtmlCacheBehavior [ RunTime:0.000353s ]
INFO: [ app_begin ] --END-- [ RunTime:0.000634s ]
SQL: SHOW COLUMNS FROM `kh_chapter` [ RunTime:0.0439s ]
SQL: SELECT kh_chapter.id,kh_chapter.name,kh_chapter.sortnumber,kh_chapter.create_date,kh_chapter.comment,kh_chapter.lession_id,kh_lession.name as lessionname FROM `kh_chapter` LEFT join kh_lession ON kh_lession.id = kh_chapter.lession_id  WHERE kh_chapter.id = '3' LIMIT 1   [ RunTime:0.0439s ]
INFO: [ view_parse ] --START--
INFO: [ template_filter ] --START--
INFO: Run Behavior\ContentReplaceBehavior [ RunTime:0.000046s ]
INFO: [ template_filter ] --END-- [ RunTime:0.000064s ]
NOTIC: [8] Undefined variable: course F:\xampp\htdocs\cuit_check\Runtime\Cache\Home\9de962d165f6e09ed7b2f707805cbb1e.php 第 91 行.
INFO: Run Behavior\ParseTemplateBehavior [ RunTime:0.004733s ]
INFO: [ view_parse ] --END-- [ RunTime:0.004754s ]
INFO: [ view_filter ] --START--
INFO: Run Behavior\WriteHtmlCacheBehavior [ RunTime:0.000164s ]
INFO: [ view_filter ] --END-- [ RunTime:0.000179s ]
INFO: [ app_end ] --START--
INFO: Run Behavior\ShowPageTraceBehavior [ RunTime:0.000290s ]
INFO: [ app_end ] --END-- [ RunTime:0.000308s ]

[ 2017-12-12T15:58:44+08:00 ] 10.0.7.44 /index.php/Home/ChapterMgr/getChapterItem
INFO: [ app_begin ] --START--
INFO: Run Behavior\ReadHtmlCacheBehavior [ RunTime:0.000327s ]
INFO: [ app_begin ] --END-- [ RunTime:0.000549s ]
SQL: SHOW COLUMNS FROM `kh_chapter` [ RunTime:0.0506s ]
SQL: SELECT kh_chapter.id,kh_chapter.name,kh_chapter.sortnumber,kh_chapter.create_date,kh_chapter.comment,kh_chapter.lession_id,kh_lession.name as lessionname FROM `kh_chapter` LEFT join kh_lession ON kh_lession.id = kh_chapter.lession_id  WHERE kh_chapter.id = '5' LIMIT 1   [ RunTime:0.0481s ]
INFO: [ view_parse ] --START--
INFO: [ template_filter ] --START--
INFO: Run Behavior\ContentReplaceBehavior [ RunTime:0.000046s ]
INFO: [ template_filter ] --END-- [ RunTime:0.000066s ]
NOTIC: [8] Undefined variable: course F:\xampp\htdocs\cuit_check\Runtime\Cache\Home\9de962d165f6e09ed7b2f707805cbb1e.php 第 91 行.
INFO: Run Behavior\ParseTemplateBehavior [ RunTime:0.004632s ]
INFO: [ view_parse ] --END-- [ RunTime:0.004653s ]
INFO: [ view_filter ] --START--
INFO: Run Behavior\WriteHtmlCacheBehavior [ RunTime:0.000168s ]
INFO: [ view_filter ] --END-- [ RunTime:0.000183s ]
INFO: [ app_end ] --START--
INFO: Run Behavior\ShowPageTraceBehavior [ RunTime:0.000291s ]
INFO: [ app_end ] --END-- [ RunTime:0.000310s ]

[ 2017-12-12T15:58:48+08:00 ] 10.0.7.44 /index.php/Home/ChapterMgr/getChapterList
INFO: [ app_begin ] --START--
INFO: Run Behavior\ReadHtmlCacheBehavior [ RunTime:0.000319s ]
INFO: [ app_begin ] --END-- [ RunTime:0.000543s ]
SQL: SHOW COLUMNS FROM `kh_sysuser` [ RunTime:0.0481s ]
SQL: SELECT `dept_id` FROM `kh_sysuser` WHERE `account` = 'taolei' AND `del_flag` = 1 LIMIT 1   [ RunTime:0.0466s ]
SQL: SHOW COLUMNS FROM `kh_college` [ RunTime:0.0510s ]
SQL: SELECT `id` FROM `kh_college` LIMIT 1   [ RunTime:0.3269s ]
SQL: SHOW COLUMNS FROM `kh_course` [ RunTime:0.0515s ]
SQL: SELECT `id`,`name` FROM `kh_course` WHERE `del_flag` = 1 AND `college_id` = 4  [ RunTime:0.0561s ]
SQL: SHOW COLUMNS FROM `kh_lession` [ RunTime:0.0587s ]
SQL: SELECT `id`,`name`,`course_id` FROM `kh_lession` WHERE `course_id` = 1 AND `del_flag` = 1  [ RunTime:0.0531s ]
SQL: SHOW COLUMNS FROM `kh_chapter` [ RunTime:0.0555s ]
SQL: SELECT * FROM `kh_chapter` WHERE `lession_id` = 1 AND `del_flag` = 1 ORDER BY sortnumber  [ RunTime:0.0528s ]
SQL: SELECT `id`,`name`,`course_id` FROM `kh_lession` WHERE `course_id` = 2 AND `del_flag` = 1  [ RunTime:0.0667s ]
SQL: SELECT * FROM `kh_chapter` WHERE `lession_id` = 2 AND `del_flag` = 1 ORDER BY sortnumber  [ RunTime:0.0598s ]
SQL: SELECT * FROM `kh_chapter` WHERE `lession_id` = 3 AND `del_flag` = 1 ORDER BY sortnumber  [ RunTime:0.0551s ]
SQL: SELECT `id`,`name`,`course_id` FROM `kh_lession` WHERE `course_id` = 5 AND `del_flag` = 1  [ RunTime:0.0485s ]

[ 2017-12-12T15:58:49+08:00 ] 10.0.7.44 /index.php/Home/ChapterMgr/getChapterItem
INFO: [ app_begin ] --START--
INFO: Run Behavior\ReadHtmlCacheBehavior [ RunTime:0.000340s ]
INFO: [ app_begin ] --END-- [ RunTime:0.000604s ]
SQL: SHOW COLUMNS FROM `kh_chapter` [ RunTime:0.0569s ]
SQL: SELECT kh_chapter.id,kh_chapter.name,kh_chapter.sortnumber,kh_chapter.create_date,kh_chapter.comment,kh_chapter.lession_id,kh_lession.name as lessionname FROM `kh_chapter` LEFT join kh_lession ON kh_lession.id = kh_chapter.lession_id  WHERE kh_chapter.id = '1' LIMIT 1   [ RunTime:0.0460s ]
INFO: [ view_parse ] --START--
INFO: [ template_filter ] --START--
INFO: Run Behavior\ContentReplaceBehavior [ RunTime:0.000048s ]
INFO: [ template_filter ] --END-- [ RunTime:0.000070s ]
NOTIC: [8] Undefined variable: course F:\xampp\htdocs\cuit_check\Runtime\Cache\Home\9de962d165f6e09ed7b2f707805cbb1e.php 第 91 行.
INFO: Run Behavior\ParseTemplateBehavior [ RunTime:0.005776s ]
INFO: [ view_parse ] --END-- [ RunTime:0.005795s ]
INFO: [ view_filter ] --START--
INFO: Run Behavior\WriteHtmlCacheBehavior [ RunTime:0.000172s ]
INFO: [ view_filter ] --END-- [ RunTime:0.000189s ]
INFO: [ app_end ] --START--
INFO: Run Behavior\ShowPageTraceBehavior [ RunTime:0.000322s ]
INFO: [ app_end ] --END-- [ RunTime:0.000341s ]

[ 2017-12-12T15:58:52+08:00 ] 10.0.7.44 /index.php/Home/ChapterMgr/getChapterList
INFO: [ app_begin ] --START--
INFO: Run Behavior\ReadHtmlCacheBehavior [ RunTime:0.000273s ]
INFO: [ app_begin ] --END-- [ RunTime:0.000494s ]
SQL: SHOW COLUMNS FROM `kh_sysuser` [ RunTime:0.0393s ]
SQL: SELECT `dept_id` FROM `kh_sysuser` WHERE `account` = 'taolei' AND `del_flag` = 1 LIMIT 1   [ RunTime:0.0400s ]
SQL: SHOW COLUMNS FROM `kh_college` [ RunTime:0.0473s ]
SQL: SELECT `id` FROM `kh_college` LIMIT 1   [ RunTime:0.0519s ]
SQL: SHOW COLUMNS FROM `kh_course` [ RunTime:0.0466s ]
SQL: SELECT `id`,`name` FROM `kh_course` WHERE `del_flag` = 1 AND `college_id` = 5  [ RunTime:0.0388s ]
SQL: SHOW COLUMNS FROM `kh_lession` [ RunTime:0.0417s ]
SQL: SELECT `id`,`name`,`course_id` FROM `kh_lession` WHERE `course_id` = 3 AND `del_flag` = 1  [ RunTime:0.0391s ]

[ 2017-12-12T15:58:53+08:00 ] 10.0.7.44 /index.php/Home/ChapterMgr/getChapterItem
INFO: [ app_begin ] --START--
INFO: Run Behavior\ReadHtmlCacheBehavior [ RunTime:0.000271s ]
INFO: [ app_begin ] --END-- [ RunTime:0.000519s ]
SQL: SHOW COLUMNS FROM `kh_chapter` [ RunTime:0.0360s ]
SQL: SELECT kh_chapter.id,kh_chapter.name,kh_chapter.sortnumber,kh_chapter.create_date,kh_chapter.comment,kh_chapter.lession_id,kh_lession.name as lessionname FROM `kh_chapter` LEFT join kh_lession ON kh_lession.id = kh_chapter.lession_id  WHERE kh_chapter.id = '1' LIMIT 1   [ RunTime:0.0407s ]
INFO: [ view_parse ] --START--
INFO: [ template_filter ] --START--
INFO: Run Behavior\ContentReplaceBehavior [ RunTime:0.000064s ]
INFO: [ template_filter ] --END-- [ RunTime:0.000122s ]
NOTIC: [8] Undefined variable: course F:\xampp\htdocs\cuit_check\Runtime\Cache\Home\9de962d165f6e09ed7b2f707805cbb1e.php 第 91 行.
INFO: Run Behavior\ParseTemplateBehavior [ RunTime:0.006755s ]
INFO: [ view_parse ] --END-- [ RunTime:0.006781s ]
INFO: [ view_filter ] --START--
INFO: Run Behavior\WriteHtmlCacheBehavior [ RunTime:0.000319s ]
INFO: [ view_filter ] --END-- [ RunTime:0.000351s ]
INFO: [ app_end ] --START--
INFO: Run Behavior\ShowPageTraceBehavior [ RunTime:0.000321s ]
INFO: [ app_end ] --END-- [ RunTime:0.000341s ]

[ 2017-12-12T15:59:00+08:00 ] 10.0.7.44 /index.php/Home/ChapterMgr/getChapterList
INFO: [ app_begin ] --START--
INFO: Run Behavior\ReadHtmlCacheBehavior [ RunTime:0.000269s ]
INFO: [ app_begin ] --END-- [ RunTime:0.000481s ]
SQL: SHOW COLUMNS FROM `kh_sysuser` [ RunTime:0.0418s ]
SQL: SELECT `dept_id` FROM `kh_sysuser` WHERE `account` = 'taolei' AND `del_flag` = 1 LIMIT 1   [ RunTime:0.0438s ]
SQL: SHOW COLUMNS FROM `kh_college` [ RunTime:0.0465s ]
SQL: SELECT `id` FROM `kh_college` LIMIT 1   [ RunTime:0.0463s ]
SQL: SHOW COLUMNS FROM `kh_course` [ RunTime:0.0450s ]
SQL: SELECT `id`,`name` FROM `kh_course` WHERE `del_flag` = 1 AND `college_id` = 4  [ RunTime:0.0440s ]
SQL: SHOW COLUMNS FROM `kh_lession` [ RunTime:0.0453s ]
SQL: SELECT `id`,`name`,`course_id` FROM `kh_lession` WHERE `course_id` = 1 AND `del_flag` = 1  [ RunTime:0.0473s ]
SQL: SHOW COLUMNS FROM `kh_chapter` [ RunTime:0.0522s ]
SQL: SELECT * FROM `kh_chapter` WHERE `lession_id` = 1 AND `del_flag` = 1 ORDER BY sortnumber  [ RunTime:0.0671s ]
SQL: SELECT `id`,`name`,`course_id` FROM `kh_lession` WHERE `course_id` = 2 AND `del_flag` = 1  [ RunTime:0.0618s ]
SQL: SELECT * FROM `kh_chapter` WHERE `lession_id` = 2 AND `del_flag` = 1 ORDER BY sortnumber  [ RunTime:0.0597s ]
SQL: SELECT * FROM `kh_chapter` WHERE `lession_id` = 3 AND `del_flag` = 1 ORDER BY sortnumber  [ RunTime:0.0533s ]
SQL: SELECT `id`,`name`,`course_id` FROM `kh_lession` WHERE `course_id` = 5 AND `del_flag` = 1  [ RunTime:0.0427s ]

[ 2017-12-12T15:59:02+08:00 ] 10.0.7.44 /index.php/Home/KnowledgeMgr/getChapterList
INFO: [ app_begin ] --START--
INFO: Run Behavior\ReadHtmlCacheBehavior [ RunTime:0.000278s ]
INFO: [ app_begin ] --END-- [ RunTime:0.000515s ]
SQL: SHOW COLUMNS FROM `kh_knowledge` [ RunTime:0.0506s ]
SQL: SHOW COLUMNS FROM `kh_sysuser` [ RunTime:0.0497s ]
SQL: SELECT `dept_id` FROM `kh_sysuser` WHERE `account` = 'taolei' AND `del_flag` = 1 LIMIT 1   [ RunTime:0.0497s ]
SQL: SHOW COLUMNS FROM `kh_college` [ RunTime:0.0470s ]
SQL: SELECT `id` FROM `kh_college` LIMIT 1   [ RunTime:0.0485s ]
SQL: SHOW COLUMNS FROM `kh_course` [ RunTime:0.0522s ]
SQL: SELECT `id`,`name` FROM `kh_course` WHERE `del_flag` = 1 AND `college_id` = 4  [ RunTime:0.0589s ]
SQL: SHOW COLUMNS FROM `kh_lession` [ RunTime:0.0624s ]
SQL: SELECT `id`,`name`,`course_id` FROM `kh_lession` WHERE `course_id` = 1 AND `del_flag` = 1  [ RunTime:0.0654s ]
SQL: SHOW COLUMNS FROM `kh_chapter` [ RunTime:0.0542s ]
SQL: SELECT * FROM `kh_chapter` WHERE `lession_id` = 1 AND `del_flag` = 1 ORDER BY sortnumber  [ RunTime:0.0703s ]
SQL: SELECT `id`,`name`,`course_id` FROM `kh_lession` WHERE `course_id` = 2 AND `del_flag` = 1  [ RunTime:0.0597s ]
SQL: SELECT * FROM `kh_chapter` WHERE `lession_id` = 2 AND `del_flag` = 1 ORDER BY sortnumber  [ RunTime:0.0565s ]
SQL: SELECT * FROM `kh_chapter` WHERE `lession_id` = 3 AND `del_flag` = 1 ORDER BY sortnumber  [ RunTime:0.0538s ]
SQL: SELECT `id`,`name`,`course_id` FROM `kh_lession` WHERE `course_id` = 5 AND `del_flag` = 1  [ RunTime:0.0508s ]

[ 2017-12-12T15:59:04+08:00 ] 10.0.7.44 /Home/KnowledgeMgr/knowledges.html
INFO: [ app_begin ] --START--
INFO: Run Behavior\ReadHtmlCacheBehavior [ RunTime:0.000298s ]
INFO: [ app_begin ] --END-- [ RunTime:0.000568s ]
SQL: SHOW COLUMNS FROM `kh_sysuser` [ RunTime:0.0693s ]
SQL: SELECT `id`,`account`,`name`,`sex`,`photo`,`phone`,`email`,`role`,`status`,`dept_id` FROM `kh_sysuser` WHERE `account` = 'taolei' LIMIT 1   [ RunTime:0.0547s ]
SQL: SHOW COLUMNS FROM `kh_knowledge` [ RunTime:0.0651s ]
SQL: SELECT COUNT(*) AS tp_count FROM `kh_knowledge` LEFT join kh_chapter  ON kh_chapter.id = kh_knowledge.chapter_id
                LEFT join kh_lession  ON kh_lession.id = kh_chapter.lession_id  WHERE kh_knowledge.del_flag = '1' AND kh_knowledge.chapter_id = '1' AND kh_chapter.del_flag = '1' LIMIT 1   [ RunTime:0.0490s ]
SQL: SELECT kh_knowledge.id,kh_knowledge.name,kh_knowledge.comment,kh_chapter.name AS `chaptername`,kh_lession.name AS `lessionname`,kh_knowledge.create_date FROM `kh_knowledge` LEFT join kh_chapter ON kh_chapter.id = kh_knowledge.chapter_id
                    LEFT join kh_lession ON kh_lession.id = kh_chapter.lession_id  WHERE kh_knowledge.del_flag = '1' AND kh_knowledge.chapter_id = '1' AND kh_chapter.del_flag = '1' LIMIT 0,10   [ RunTime:0.0527s ]
SQL: SHOW COLUMNS FROM `kh_chapter` [ RunTime:0.0586s ]
SQL: SELECT `lession_id` FROM `kh_chapter` WHERE `del_flag` = 1 AND `id` = 1 LIMIT 1   [ RunTime:0.0611s ]
SQL: SELECT * FROM `kh_chapter` WHERE `del_flag` = 1 AND `lession_id` = 1  [ RunTime:0.0614s ]
INFO: [ view_parse ] --START--
INFO: [ template_filter ] --START--
INFO: Run Behavior\ContentReplaceBehavior [ RunTime:0.000052s ]
INFO: [ template_filter ] --END-- [ RunTime:0.000075s ]
INFO: Run Behavior\ParseTemplateBehavior [ RunTime:0.006146s ]
INFO: [ view_parse ] --END-- [ RunTime:0.006189s ]
INFO: [ view_filter ] --START--
INFO: Run Behavior\WriteHtmlCacheBehavior [ RunTime:0.000176s ]
INFO: [ view_filter ] --END-- [ RunTime:0.000193s ]
INFO: [ app_end ] --START--
INFO: Run Behavior\ShowPageTraceBehavior [ RunTime:0.000368s ]
INFO: [ app_end ] --END-- [ RunTime:0.000389s ]

[ 2017-12-12T15:59:10+08:00 ] 10.0.7.44 /Home/KnowledgeMgr/knowledges.html
INFO: [ app_begin ] --START--
INFO: Run Behavior\ReadHtmlCacheBehavior [ RunTime:0.000270s ]
INFO: [ app_begin ] --END-- [ RunTime:0.000482s ]
SQL: SHOW COLUMNS FROM `kh_sysuser` [ RunTime:0.0456s ]
SQL: SELECT `id`,`account`,`name`,`sex`,`photo`,`phone`,`email`,`role`,`status`,`dept_id` FROM `kh_sysuser` WHERE `account` = 'taolei' LIMIT 1   [ RunTime:0.0504s ]
SQL: SHOW COLUMNS FROM `kh_knowledge` [ RunTime:0.0482s ]
SQL: SELECT COUNT(*) AS tp_count FROM `kh_knowledge` LEFT join kh_chapter  ON kh_chapter.id = kh_knowledge.chapter_id
                LEFT join kh_lession  ON kh_lession.id = kh_chapter.lession_id  WHERE kh_knowledge.del_flag = '1' AND kh_knowledge.chapter_id = '1' AND kh_chapter.del_flag = '1' LIMIT 1   [ RunTime:0.0464s ]
SQL: SELECT kh_knowledge.id,kh_knowledge.name,kh_knowledge.comment,kh_chapter.name AS `chaptername`,kh_lession.name AS `lessionname`,kh_knowledge.create_date FROM `kh_knowledge` LEFT join kh_chapter ON kh_chapter.id = kh_knowledge.chapter_id
                    LEFT join kh_lession ON kh_lession.id = kh_chapter.lession_id  WHERE kh_knowledge.del_flag = '1' AND kh_knowledge.chapter_id = '1' AND kh_chapter.del_flag = '1' LIMIT 0,10   [ RunTime:0.0469s ]
SQL: SHOW COLUMNS FROM `kh_chapter` [ RunTime:0.0484s ]
SQL: SELECT `lession_id` FROM `kh_chapter` WHERE `del_flag` = 1 AND `id` = 1 LIMIT 1   [ RunTime:0.0502s ]
SQL: SELECT * FROM `kh_chapter` WHERE `del_flag` = 1 AND `lession_id` = 1  [ RunTime:0.0444s ]
INFO: [ view_parse ] --START--
INFO: [ template_filter ] --START--
INFO: Run Behavior\ContentReplaceBehavior [ RunTime:0.000065s ]
INFO: [ template_filter ] --END-- [ RunTime:0.000095s ]
INFO: Run Behavior\ParseTemplateBehavior [ RunTime:0.005285s ]
INFO: [ view_parse ] --END-- [ RunTime:0.005318s ]
INFO: [ view_filter ] --START--
INFO: Run Behavior\WriteHtmlCacheBehavior [ RunTime:0.000217s ]
INFO: [ view_filter ] --END-- [ RunTime:0.000236s ]
INFO: [ app_end ] --START--
INFO: Run Behavior\ShowPageTraceBehavior [ RunTime:0.000406s ]
INFO: [ app_end ] --END-- [ RunTime:0.000432s ]

[ 2017-12-12T15:59:16+08:00 ] 10.0.7.44 /Home/KnowledgeMgr/knowledges.html
INFO: [ app_begin ] --START--
INFO: Run Behavior\ReadHtmlCacheBehavior [ RunTime:0.000272s ]
INFO: [ app_begin ] --END-- [ RunTime:0.000486s ]
SQL: SHOW COLUMNS FROM `kh_sysuser` [ RunTime:0.0530s ]
SQL: SELECT `id`,`account`,`name`,`sex`,`photo`,`phone`,`email`,`role`,`status`,`dept_id` FROM `kh_sysuser` WHERE `account` = 'taolei' LIMIT 1   [ RunTime:0.0454s ]
SQL: SHOW COLUMNS FROM `kh_knowledge` [ RunTime:0.0658s ]
SQL: SELECT COUNT(*) AS tp_count FROM `kh_knowledge` LEFT join kh_chapter  ON kh_chapter.id = kh_knowledge.chapter_id
                LEFT join kh_lession  ON kh_lession.id = kh_chapter.lession_id  WHERE kh_knowledge.del_flag = '1' AND kh_knowledge.chapter_id = '1' AND kh_chapter.del_flag = '1' LIMIT 1   [ RunTime:0.0562s ]
SQL: SELECT kh_knowledge.id,kh_knowledge.name,kh_knowledge.comment,kh_chapter.name AS `chaptername`,kh_lession.name AS `lessionname`,kh_knowledge.create_date FROM `kh_knowledge` LEFT join kh_chapter ON kh_chapter.id = kh_knowledge.chapter_id
                    LEFT join kh_lession ON kh_lession.id = kh_chapter.lession_id  WHERE kh_knowledge.del_flag = '1' AND kh_knowledge.chapter_id = '1' AND kh_chapter.del_flag = '1' LIMIT 0,10   [ RunTime:0.0413s ]
SQL: SHOW COLUMNS FROM `kh_chapter` [ RunTime:0.0415s ]
SQL: SELECT `lession_id` FROM `kh_chapter` WHERE `del_flag` = 1 AND `id` = 1 LIMIT 1   [ RunTime:0.0429s ]
SQL: SELECT * FROM `kh_chapter` WHERE `del_flag` = 1 AND `lession_id` = 1  [ RunTime:0.0411s ]
INFO: [ view_parse ] --START--
INFO: [ template_filter ] --START--
INFO: Run Behavior\ContentReplaceBehavior [ RunTime:0.000050s ]
INFO: [ template_filter ] --END-- [ RunTime:0.000068s ]
INFO: Run Behavior\ParseTemplateBehavior [ RunTime:0.004952s ]
INFO: [ view_parse ] --END-- [ RunTime:0.004972s ]
INFO: [ view_filter ] --START--
INFO: Run Behavior\WriteHtmlCacheBehavior [ RunTime:0.000160s ]
INFO: [ view_filter ] --END-- [ RunTime:0.000175s ]
INFO: [ app_end ] --START--
INFO: Run Behavior\ShowPageTraceBehavior [ RunTime:0.000289s ]
INFO: [ app_end ] --END-- [ RunTime:0.000307s ]

[ 2017-12-12T15:59:32+08:00 ] 10.0.7.44 /Home/DetailTestDBMgr/checkaddPermiss.html
INFO: [ app_begin ] --START--
INFO: Run Behavior\ReadHtmlCacheBehavior [ RunTime:0.000313s ]
INFO: [ app_begin ] --END-- [ RunTime:0.000528s ]

[ 2017-12-12T15:59:40+08:00 ] 10.0.7.44 /Home/DetailTestDBMgr/checkaddPermiss.html
INFO: [ app_begin ] --START--
INFO: Run Behavior\ReadHtmlCacheBehavior [ RunTime:0.000418s ]
INFO: [ app_begin ] --END-- [ RunTime:0.000720s ]

[ 2017-12-12T16:00:10+08:00 ] 10.0.7.44 /Home/ClassPapersDetialMgr/getAnswer.html
INFO: [ app_begin ] --START--
INFO: Run Behavior\ReadHtmlCacheBehavior [ RunTime:0.000568s ]
INFO: [ app_begin ] --END-- [ RunTime:0.000862s ]
SQL: SHOW COLUMNS FROM `kh_testpaper` [ RunTime:0.0392s ]
SQL: SHOW COLUMNS FROM `kh_answer` [ RunTime:0.0394s ]
SQL: SELECT `content`,`is_true` FROM `kh_answer` WHERE `del_flag` = '1' AND `question_id` = '24'  [ RunTime:0.0386s ]

[ 2017-12-12T16:00:11+08:00 ] 10.0.7.44 /Home/ClassPapersDetialMgr/getAnswer.html
INFO: [ app_begin ] --START--
INFO: Run Behavior\ReadHtmlCacheBehavior [ RunTime:0.000269s ]
INFO: [ app_begin ] --END-- [ RunTime:0.000551s ]
SQL: SHOW COLUMNS FROM `kh_testpaper` [ RunTime:0.0421s ]
SQL: SHOW COLUMNS FROM `kh_answer` [ RunTime:0.0421s ]
SQL: SELECT `content`,`is_true` FROM `kh_answer` WHERE `del_flag` = '1' AND `question_id` = '24'  [ RunTime:0.0603s ]

[ 2017-12-12T16:00:26+08:00 ] 10.0.7.44 /Home/AutoCreatePaperMgr/getList.html
INFO: [ app_begin ] --START--
INFO: Run Behavior\ReadHtmlCacheBehavior [ RunTime:0.000271s ]
INFO: [ app_begin ] --END-- [ RunTime:0.000549s ]
SQL: SHOW COLUMNS FROM `kh_question` [ RunTime:0.0469s ]
SQL: SELECT `id` FROM `kh_question` WHERE `del_flag` = '1' AND `testdb_id` = '1'  [ RunTime:0.0412s ]
SQL: SHOW COLUMNS FROM `kh_question_know` [ RunTime:0.0536s ]
SQL: SELECT `knowledge_id` FROM `kh_question_know` WHERE `question_id` IN ('1','20','24','25')  [ RunTime:0.0531s ]
SQL: SHOW COLUMNS FROM `kh_knowledge` [ RunTime:0.0546s ]
SQL: SELECT `chapter_id` FROM `kh_knowledge` WHERE `del_flag` = '1' AND `id` IN ('1','1','1','1','2')  [ RunTime:0.0464s ]
SQL: SHOW COLUMNS FROM `kh_chapter` [ RunTime:0.0407s ]
SQL: SELECT * FROM `kh_chapter` WHERE `del_flag` = '1' AND `id` IN ('1','2')  [ RunTime:0.0438s ]

[ 2017-12-12T16:00:27+08:00 ] 10.0.7.44 /Home/AutoCreatePaperMgr/getResidueSubjectNum.html
INFO: [ app_begin ] --START--
INFO: Run Behavior\ReadHtmlCacheBehavior [ RunTime:0.000311s ]
INFO: [ app_begin ] --END-- [ RunTime:0.000527s ]
SQL: select DISTINCT kq.id AS question_id from kh_question kq WHERE kq.testdb_id in (1); [ RunTime:0.0506s ]
SQL: SHOW COLUMNS FROM `kh_question` [ RunTime:0.0403s ]
SQL: SELECT * FROM `kh_question` WHERE `id` = 1 LIMIT 1   [ RunTime:0.0381s ]
SQL: SELECT * FROM `kh_question` WHERE `id` = 20 LIMIT 1   [ RunTime:0.0386s ]
SQL: SELECT * FROM `kh_question` WHERE `id` = 21 LIMIT 1   [ RunTime:0.0378s ]
SQL: SELECT * FROM `kh_question` WHERE `id` = 22 LIMIT 1   [ RunTime:0.0392s ]
SQL: SELECT * FROM `kh_question` WHERE `id` = 23 LIMIT 1   [ RunTime:0.0391s ]
SQL: SELECT * FROM `kh_question` WHERE `id` = 24 LIMIT 1   [ RunTime:0.0384s ]
SQL: SELECT * FROM `kh_question` WHERE `id` = 25 LIMIT 1   [ RunTime:0.0395s ]

[ 2017-12-12T16:00:29+08:00 ] 10.0.7.44 /Home/AutoCreatePaperMgr/getResidueSubjectNum.html
INFO: [ app_begin ] --START--
INFO: Run Behavior\ReadHtmlCacheBehavior [ RunTime:0.000271s ]
INFO: [ app_begin ] --END-- [ RunTime:0.000523s ]
SQL: select DISTINCT kqk.question_id from kh_question_know kqk LEFT JOIN kh_question kq ON kqk.question_id = kq.id,kh_knowledge kkl 
WHERE kkl.chapter_id in (2) AND kkl.id = kqk.knowledge_id AND kq.testdb_id in (1); [ RunTime:0.0514s ]
SQL: SHOW COLUMNS FROM `kh_question` [ RunTime:0.0597s ]
SQL: SELECT * FROM `kh_question` WHERE `id` = 20 LIMIT 1   [ RunTime:0.0526s ]

[ 2017-12-12T16:00:32+08:00 ] 10.0.7.44 /Home/AutoCreatePaperMgr/getResidueSubjectNum.html
INFO: [ app_begin ] --START--
INFO: Run Behavior\ReadHtmlCacheBehavior [ RunTime:0.000274s ]
INFO: [ app_begin ] --END-- [ RunTime:0.000495s ]
SQL: select DISTINCT kqk.question_id from kh_question_know kqk LEFT JOIN kh_question kq ON kqk.question_id = kq.id,kh_knowledge kkl 
WHERE kkl.chapter_id in (2,1) AND kkl.id = kqk.knowledge_id AND kq.testdb_id in (1); [ RunTime:0.0405s ]
SQL: SHOW COLUMNS FROM `kh_question` [ RunTime:0.0409s ]
SQL: SELECT * FROM `kh_question` WHERE `id` = 1 LIMIT 1   [ RunTime:0.0423s ]
SQL: SELECT * FROM `kh_question` WHERE `id` = 24 LIMIT 1   [ RunTime:0.0406s ]
SQL: SELECT * FROM `kh_question` WHERE `id` = 25 LIMIT 1   [ RunTime:0.0419s ]
SQL: SELECT * FROM `kh_question` WHERE `id` = 20 LIMIT 1   [ RunTime:0.0421s ]

[ 2017-12-12T16:00:54+08:00 ] 10.0.7.44 /Home/AutoCreatePaperMgr/getList.html
INFO: [ app_begin ] --START--
INFO: Run Behavior\ReadHtmlCacheBehavior [ RunTime:0.000269s ]
INFO: [ app_begin ] --END-- [ RunTime:0.000483s ]
SQL: SHOW COLUMNS FROM `kh_question` [ RunTime:0.0455s ]
SQL: SELECT `id` FROM `kh_question` WHERE `del_flag` = '1' AND `testdb_id` = '1'  [ RunTime:0.0434s ]
SQL: SHOW COLUMNS FROM `kh_question_know` [ RunTime:0.0386s ]
SQL: SELECT `knowledge_id` FROM `kh_question_know` WHERE `question_id` IN ('1','20','24','25')  [ RunTime:0.0396s ]
SQL: SHOW COLUMNS FROM `kh_knowledge` [ RunTime:0.0406s ]
SQL: SELECT `chapter_id` FROM `kh_knowledge` WHERE `del_flag` = '1' AND `id` IN ('1','1','1','1','2')  [ RunTime:0.0411s ]
SQL: SHOW COLUMNS FROM `kh_chapter` [ RunTime:0.0610s ]
SQL: SELECT * FROM `kh_chapter` WHERE `del_flag` = '1' AND `id` IN ('1','2')  [ RunTime:0.0513s ]

[ 2017-12-12T16:00:54+08:00 ] 10.0.7.44 /Home/AutoCreatePaperMgr/getResidueSubjectNum.html
INFO: [ app_begin ] --START--
INFO: Run Behavior\ReadHtmlCacheBehavior [ RunTime:0.000272s ]
INFO: [ app_begin ] --END-- [ RunTime:0.000485s ]
SQL: select DISTINCT kq.id AS question_id from kh_question kq WHERE kq.testdb_id in (1); [ RunTime:0.0366s ]
SQL: SHOW COLUMNS FROM `kh_question` [ RunTime:0.0447s ]
SQL: SELECT * FROM `kh_question` WHERE `id` = 1 LIMIT 1   [ RunTime:0.0456s ]
SQL: SELECT * FROM `kh_question` WHERE `id` = 20 LIMIT 1   [ RunTime:0.0635s ]
SQL: SELECT * FROM `kh_question` WHERE `id` = 21 LIMIT 1   [ RunTime:0.0555s ]
SQL: SELECT * FROM `kh_question` WHERE `id` = 22 LIMIT 1   [ RunTime:0.0450s ]
SQL: SELECT * FROM `kh_question` WHERE `id` = 23 LIMIT 1   [ RunTime:0.0382s ]
SQL: SELECT * FROM `kh_question` WHERE `id` = 24 LIMIT 1   [ RunTime:0.0370s ]
SQL: SELECT * FROM `kh_question` WHERE `id` = 25 LIMIT 1   [ RunTime:0.0392s ]

[ 2017-12-12T16:00:57+08:00 ] 10.0.7.44 /Home/AutoCreatePaperMgr/getResidueSubjectNum.html
INFO: [ app_begin ] --START--
INFO: Run Behavior\ReadHtmlCacheBehavior [ RunTime:0.000271s ]
INFO: [ app_begin ] --END-- [ RunTime:0.000485s ]
SQL: select DISTINCT kqk.question_id from kh_question_know kqk LEFT JOIN kh_question kq ON kqk.question_id = kq.id,kh_knowledge kkl 
WHERE kkl.chapter_id in (1) AND kkl.id = kqk.knowledge_id AND kq.testdb_id in (1); [ RunTime:0.0632s ]
SQL: SHOW COLUMNS FROM `kh_question` [ RunTime:0.0479s ]
SQL: SELECT * FROM `kh_question` WHERE `id` = 1 LIMIT 1   [ RunTime:0.0646s ]
SQL: SELECT * FROM `kh_question` WHERE `id` = 24 LIMIT 1   [ RunTime:0.0468s ]
SQL: SELECT * FROM `kh_question` WHERE `id` = 25 LIMIT 1   [ RunTime:0.0472s ]
SQL: SELECT * FROM `kh_question` WHERE `id` = 20 LIMIT 1   [ RunTime:0.0480s ]

[ 2017-12-12T16:01:01+08:00 ] 10.0.7.44 /Home/AutoCreatePaperMgr/getResidueSubjectNum.html
INFO: [ app_begin ] --START--
INFO: Run Behavior\ReadHtmlCacheBehavior [ RunTime:0.000306s ]
INFO: [ app_begin ] --END-- [ RunTime:0.000571s ]
SQL: select DISTINCT kqk.question_id from kh_question_know kqk LEFT JOIN kh_question kq ON kqk.question_id = kq.id,kh_knowledge kkl 
WHERE kkl.chapter_id in (2,1) AND kkl.id = kqk.knowledge_id AND kq.testdb_id in (1); [ RunTime:0.0679s ]
SQL: SHOW COLUMNS FROM `kh_question` [ RunTime:0.0518s ]
SQL: SELECT * FROM `kh_question` WHERE `id` = 1 LIMIT 1   [ RunTime:0.0461s ]
SQL: SELECT * FROM `kh_question` WHERE `id` = 24 LIMIT 1   [ RunTime:0.0529s ]
SQL: SELECT * FROM `kh_question` WHERE `id` = 25 LIMIT 1   [ RunTime:0.0560s ]
SQL: SELECT * FROM `kh_question` WHERE `id` = 20 LIMIT 1   [ RunTime:0.0517s ]

[ 2017-12-12T16:01:10+08:00 ] 10.0.7.44 /Public/static/js/menuManage.js
ERR: 无法加载控制器:Public

[ 2017-12-12T16:01:10+08:00 ] 10.0.7.44 /Public/static/js/menuManage.js
ERR: 无法加载控制器:Public

[ 2017-12-12T16:01:28+08:00 ] 10.0.7.44 /ScoreAnalysis/linkSearch.html
INFO: [ app_begin ] --START--
INFO: Run Behavior\ReadHtmlCacheBehavior [ RunTime:0.000280s ]
INFO: [ app_begin ] --END-- [ RunTime:0.000530s ]
SQL: SHOW COLUMNS FROM `kh_course` [ RunTime:0.0402s ]
SQL: SELECT * FROM `kh_course` WHERE `college_id` = 4  [ RunTime:0.0422s ]

[ 2017-12-12T16:01:28+08:00 ] 10.0.7.44 /ScoreAnalysis/linkSearch.html
INFO: [ app_begin ] --START--
INFO: Run Behavior\ReadHtmlCacheBehavior [ RunTime:0.000438s ]
INFO: [ app_begin ] --END-- [ RunTime:0.000756s ]
SQL: SHOW COLUMNS FROM `kh_lession` [ RunTime:0.0394s ]
SQL: SELECT * FROM `kh_lession` WHERE `course_id` = 1  [ RunTime:0.0399s ]

[ 2017-12-12T16:01:29+08:00 ] 10.0.7.44 /ScoreAnalysis/linkSearch.html
INFO: [ app_begin ] --START--
INFO: Run Behavior\ReadHtmlCacheBehavior [ RunTime:0.000429s ]
INFO: [ app_begin ] --END-- [ RunTime:0.000695s ]
SQL: SHOW COLUMNS FROM `kh_course` [ RunTime:0.0399s ]
SQL: SELECT * FROM `kh_course` WHERE `college_id` = 4  [ RunTime:0.0396s ]
SQL: SHOW COLUMNS FROM `kh_testpaper` [ RunTime:0.0434s ]
SQL: SELECT * FROM `kh_testpaper` WHERE `college_id` = 4 AND `lession_id` = 0  [ RunTime:0.0504s ]
SQL: SHOW COLUMNS FROM `kh_courseclass` [ RunTime:0.0430s ]
SQL: SELECT * FROM `kh_courseclass` WHERE `college_id` = 4 AND `lession_id` = 0 AND `grade_id` = 0  [ RunTime:0.0414s ]

[ 2017-12-12T16:01:29+08:00 ] 10.0.7.44 /ScoreAnalysis/linkSearch.html
INFO: [ app_begin ] --START--
INFO: Run Behavior\ReadHtmlCacheBehavior [ RunTime:0.000325s ]
INFO: [ app_begin ] --END-- [ RunTime:0.000540s ]
SQL: SHOW COLUMNS FROM `kh_course` [ RunTime:0.0414s ]
SQL: SELECT * FROM `kh_course` WHERE `college_id` = 4  [ RunTime:0.0443s ]
SQL: SHOW COLUMNS FROM `kh_testpaper` [ RunTime:0.0562s ]
SQL: SELECT * FROM `kh_testpaper` WHERE `college_id` = 4 AND `lession_id` = 1  [ RunTime:0.0572s ]

[ 2017-12-12T16:01:33+08:00 ] 10.0.7.44 /ScoreAnalysis/linkSearch.html
INFO: [ app_begin ] --START--
INFO: Run Behavior\ReadHtmlCacheBehavior [ RunTime:0.000269s ]
INFO: [ app_begin ] --END-- [ RunTime:0.000482s ]
SQL: SHOW COLUMNS FROM `kh_course` [ RunTime:0.0464s ]
SQL: SELECT * FROM `kh_course` WHERE `college_id` = 4  [ RunTime:0.0412s ]
SQL: SHOW COLUMNS FROM `kh_testpaper` [ RunTime:0.0473s ]
SQL: SELECT * FROM `kh_testpaper` WHERE `college_id` = 4 AND `lession_id` = 1  [ RunTime:0.0554s ]
SQL: SHOW COLUMNS FROM `kh_courseclass` [ RunTime:0.0505s ]
SQL: SELECT * FROM `kh_courseclass` WHERE `college_id` = 4 AND `lession_id` = 1 AND `grade_id` = 1  [ RunTime:0.0645s ]

[ 2017-12-12T16:02:43+08:00 ] 10.0.7.44 /cuitcheck/Uploads/UserPhoto/sysuser_1.jpeg
ERR: 无法加载控制器:Cuitcheck

[ 2017-12-12T16:03:26+08:00 ] 10.0.7.44 /cuitcheck/Uploads/UserPhoto/sysuser_1.jpeg
ERR: 无法加载控制器:Cuitcheck

[ 2017-12-12T16:03:28+08:00 ] 10.0.7.44 /Home/Index/GetMenulist.html
INFO: [ app_begin ] --START--
INFO: Run Behavior\ReadHtmlCacheBehavior [ RunTime:0.000274s ]
INFO: [ app_begin ] --END-- [ RunTime:0.000484s ]
SQL: SHOW COLUMNS FROM `kh_menu` [ RunTime:0.0625s ]
SQL: SELECT `id`,`name`,`url`,`sort`,`icon` FROM `kh_menu` WHERE `parent_id` = 0 AND `del_flag` = 1 ORDER BY sort asc  [ RunTime:0.0595s ]
SQL: SHOW COLUMNS FROM `kh_sysuser` [ RunTime:0.0489s ]
SQL: SELECT `id`,`account`,`name`,`sex`,`photo`,`phone`,`email`,`role`,`status`,`dept_id` FROM `kh_sysuser` WHERE `account` = 'taolei' LIMIT 1   [ RunTime:0.0521s ]
SQL: SELECT `id`,`name`,`url`,`sort`,`icon` FROM `kh_menu` WHERE `parent_id` = 3 ORDER BY sort asc  [ RunTime:0.0563s ]
SQL: SELECT `id`,`name`,`url`,`sort`,`icon` FROM `kh_menu` WHERE `parent_id` = 9 ORDER BY sort asc  [ RunTime:0.0538s ]
SQL: SELECT `id`,`name`,`url`,`sort`,`icon` FROM `kh_menu` WHERE `parent_id` = 1 ORDER BY sort asc  [ RunTime:0.0549s ]
SQL: SELECT `id`,`name`,`url`,`sort`,`icon` FROM `kh_menu` WHERE `parent_id` = 11 ORDER BY sort asc  [ RunTime:0.0487s ]
SQL: SELECT `id`,`name`,`url`,`sort`,`icon` FROM `kh_menu` WHERE `parent_id` = 17 ORDER BY sort asc  [ RunTime:0.0490s ]
SQL: SELECT `id`,`name`,`url`,`sort`,`icon` FROM `kh_menu` WHERE `parent_id` = 23 ORDER BY sort asc  [ RunTime:0.0394s ]
SQL: SELECT `id`,`name`,`url`,`sort`,`icon` FROM `kh_menu` WHERE `parent_id` = 28 ORDER BY sort asc  [ RunTime:0.0411s ]
SQL: SELECT `id`,`name`,`url`,`sort`,`icon` FROM `kh_menu` WHERE `parent_id` = 32 ORDER BY sort asc  [ RunTime:0.0424s ]
SQL: SHOW COLUMNS FROM `kh_auth_group_access` [ RunTime:0.0511s ]
SQL: SELECT `uid`,`group_id`,`title`,`rules` FROM kh_auth_group_access a INNER JOIN kh_auth_group g on a.group_id=g.id  WHERE ( a.uid='1' and g.status='1' )  [ RunTime:0.0478s ]
SQL: SHOW COLUMNS FROM `kh_auth_rule` [ RunTime:0.0479s ]
SQL: SELECT `condition`,`name` FROM `kh_auth_rule` WHERE `id` IN ('1','2','3','4','17','18','19','20','24','5','6','27','8','9','15','16','28','11','12','13','14','23','25','21','22','26','39','29','30','31','38','32','33','34','35','36') AND `type` = 1 AND `status` = 1  [ RunTime:0.0586s ]

[ 2017-12-12T16:04:23+08:00 ] 10.0.7.44 /cuitcheck/Uploads/UserPhoto/sysuser_1.jpeg
ERR: 无法加载控制器:Cuitcheck

[ 2017-12-12T16:04:24+08:00 ] 10.0.7.44 /Home/Index/GetMenulist.html
INFO: [ app_begin ] --START--
INFO: Run Behavior\ReadHtmlCacheBehavior [ RunTime:0.000297s ]
INFO: [ app_begin ] --END-- [ RunTime:0.000530s ]
SQL: SHOW COLUMNS FROM `kh_menu` [ RunTime:0.0411s ]
SQL: SELECT `id`,`name`,`url`,`sort`,`icon` FROM `kh_menu` WHERE `parent_id` = 0 AND `del_flag` = 1 ORDER BY sort asc  [ RunTime:0.0489s ]
SQL: SHOW COLUMNS FROM `kh_sysuser` [ RunTime:0.0521s ]
SQL: SELECT `id`,`account`,`name`,`sex`,`photo`,`phone`,`email`,`role`,`status`,`dept_id` FROM `kh_sysuser` WHERE `account` = 'taolei' LIMIT 1   [ RunTime:0.0390s ]
SQL: SELECT `id`,`name`,`url`,`sort`,`icon` FROM `kh_menu` WHERE `parent_id` = 3 ORDER BY sort asc  [ RunTime:0.0409s ]
SQL: SELECT `id`,`name`,`url`,`sort`,`icon` FROM `kh_menu` WHERE `parent_id` = 9 ORDER BY sort asc  [ RunTime:0.0384s ]
SQL: SELECT `id`,`name`,`url`,`sort`,`icon` FROM `kh_menu` WHERE `parent_id` = 1 ORDER BY sort asc  [ RunTime:0.0411s ]
SQL: SELECT `id`,`name`,`url`,`sort`,`icon` FROM `kh_menu` WHERE `parent_id` = 11 ORDER BY sort asc  [ RunTime:0.0391s ]
SQL: SELECT `id`,`name`,`url`,`sort`,`icon` FROM `kh_menu` WHERE `parent_id` = 17 ORDER BY sort asc  [ RunTime:0.0376s ]
SQL: SELECT `id`,`name`,`url`,`sort`,`icon` FROM `kh_menu` WHERE `parent_id` = 23 ORDER BY sort asc  [ RunTime:0.0394s ]
SQL: SELECT `id`,`name`,`url`,`sort`,`icon` FROM `kh_menu` WHERE `parent_id` = 28 ORDER BY sort asc  [ RunTime:0.0780s ]
SQL: SELECT `id`,`name`,`url`,`sort`,`icon` FROM `kh_menu` WHERE `parent_id` = 32 ORDER BY sort asc  [ RunTime:0.0433s ]
SQL: SHOW COLUMNS FROM `kh_auth_group_access` [ RunTime:0.0481s ]
SQL: SELECT `uid`,`group_id`,`title`,`rules` FROM kh_auth_group_access a INNER JOIN kh_auth_group g on a.group_id=g.id  WHERE ( a.uid='1' and g.status='1' )  [ RunTime:0.0469s ]
SQL: SHOW COLUMNS FROM `kh_auth_rule` [ RunTime:0.0382s ]
SQL: SELECT `condition`,`name` FROM `kh_auth_rule` WHERE `id` IN ('1','2','3','4','17','18','19','20','24','5','6','27','8','9','15','16','28','11','12','13','14','23','25','21','22','26','39','29','30','31','38','32','33','34','35','36') AND `type` = 1 AND `status` = 1  [ RunTime:0.0409s ]

[ 2017-12-12T16:04:36+08:00 ] 10.0.7.44 /cuitcheck/Uploads/UserPhoto/sysuser_1.jpeg
ERR: 无法加载控制器:Cuitcheck

[ 2017-12-12T16:04:37+08:00 ] 10.0.7.44 /Home/Index/GetMenulist.html
INFO: [ app_begin ] --START--
INFO: Run Behavior\ReadHtmlCacheBehavior [ RunTime:0.000274s ]
INFO: [ app_begin ] --END-- [ RunTime:0.000489s ]
SQL: SHOW COLUMNS FROM `kh_menu` [ RunTime:0.0401s ]
SQL: SELECT `id`,`name`,`url`,`sort`,`icon` FROM `kh_menu` WHERE `parent_id` = 0 AND `del_flag` = 1 ORDER BY sort asc  [ RunTime:0.0389s ]
SQL: SHOW COLUMNS FROM `kh_sysuser` [ RunTime:0.0512s ]
SQL: SELECT `id`,`account`,`name`,`sex`,`photo`,`phone`,`email`,`role`,`status`,`dept_id` FROM `kh_sysuser` WHERE `account` = 'taolei' LIMIT 1   [ RunTime:0.0462s ]
SQL: SELECT `id`,`name`,`url`,`sort`,`icon` FROM `kh_menu` WHERE `parent_id` = 3 ORDER BY sort asc  [ RunTime:0.0447s ]
SQL: SELECT `id`,`name`,`url`,`sort`,`icon` FROM `kh_menu` WHERE `parent_id` = 9 ORDER BY sort asc  [ RunTime:0.0418s ]
SQL: SELECT `id`,`name`,`url`,`sort`,`icon` FROM `kh_menu` WHERE `parent_id` = 1 ORDER BY sort asc  [ RunTime:0.0551s ]
SQL: SELECT `id`,`name`,`url`,`sort`,`icon` FROM `kh_menu` WHERE `parent_id` = 11 ORDER BY sort asc  [ RunTime:0.0397s ]
SQL: SELECT `id`,`name`,`url`,`sort`,`icon` FROM `kh_menu` WHERE `parent_id` = 17 ORDER BY sort asc  [ RunTime:0.0389s ]
SQL: SELECT `id`,`name`,`url`,`sort`,`icon` FROM `kh_menu` WHERE `parent_id` = 23 ORDER BY sort asc  [ RunTime:0.0403s ]
SQL: SELECT `id`,`name`,`url`,`sort`,`icon` FROM `kh_menu` WHERE `parent_id` = 28 ORDER BY sort asc  [ RunTime:0.0457s ]
SQL: SELECT `id`,`name`,`url`,`sort`,`icon` FROM `kh_menu` WHERE `parent_id` = 32 ORDER BY sort asc  [ RunTime:0.0429s ]
SQL: SHOW COLUMNS FROM `kh_auth_group_access` [ RunTime:0.0415s ]
SQL: SELECT `uid`,`group_id`,`title`,`rules` FROM kh_auth_group_access a INNER JOIN kh_auth_group g on a.group_id=g.id  WHERE ( a.uid='1' and g.status='1' )  [ RunTime:0.0396s ]
SQL: SHOW COLUMNS FROM `kh_auth_rule` [ RunTime:0.0401s ]
SQL: SELECT `condition`,`name` FROM `kh_auth_rule` WHERE `id` IN ('1','2','3','4','17','18','19','20','24','5','6','27','8','9','15','16','28','11','12','13','14','23','25','21','22','26','39','29','30','31','38','32','33','34','35','36') AND `type` = 1 AND `status` = 1  [ RunTime:0.0385s ]

[ 2017-12-12T16:04:41+08:00 ] 10.0.7.44 /cuitcheck/Uploads/UserPhoto/sysuser_1.jpeg
ERR: 无法加载控制器:Cuitcheck

[ 2017-12-12T16:10:14+08:00 ] 10.0.7.44 /cuitcheck/Uploads/UserPhoto/sysuser_1.jpeg
ERR: 无法加载控制器:Cuitcheck

[ 2017-12-12T16:10:16+08:00 ] 10.0.7.44 /Home/Index/GetMenulist.html
INFO: [ app_begin ] --START--
INFO: Run Behavior\ReadHtmlCacheBehavior [ RunTime:0.000276s ]
INFO: [ app_begin ] --END-- [ RunTime:0.000492s ]
SQL: SHOW COLUMNS FROM `kh_menu` [ RunTime:0.0571s ]
SQL: SELECT `id`,`name`,`url`,`sort`,`icon` FROM `kh_menu` WHERE `parent_id` = 0 AND `del_flag` = 1 ORDER BY sort asc  [ RunTime:0.0376s ]
SQL: SHOW COLUMNS FROM `kh_sysuser` [ RunTime:0.0375s ]
SQL: SELECT `id`,`account`,`name`,`sex`,`photo`,`phone`,`email`,`role`,`status`,`dept_id` FROM `kh_sysuser` WHERE `account` = 'taolei' LIMIT 1   [ RunTime:0.2949s ]
SQL: SELECT `id`,`name`,`url`,`sort`,`icon` FROM `kh_menu` WHERE `parent_id` = 3 ORDER BY sort asc  [ RunTime:0.0397s ]
SQL: SELECT `id`,`name`,`url`,`sort`,`icon` FROM `kh_menu` WHERE `parent_id` = 9 ORDER BY sort asc  [ RunTime:0.0395s ]
SQL: SELECT `id`,`name`,`url`,`sort`,`icon` FROM `kh_menu` WHERE `parent_id` = 1 ORDER BY sort asc  [ RunTime:0.0381s ]
SQL: SELECT `id`,`name`,`url`,`sort`,`icon` FROM `kh_menu` WHERE `parent_id` = 11 ORDER BY sort asc  [ RunTime:0.0408s ]
SQL: SELECT `id`,`name`,`url`,`sort`,`icon` FROM `kh_menu` WHERE `parent_id` = 17 ORDER BY sort asc  [ RunTime:0.0363s ]
SQL: SELECT `id`,`name`,`url`,`sort`,`icon` FROM `kh_menu` WHERE `parent_id` = 23 ORDER BY sort asc  [ RunTime:0.2948s ]
SQL: SELECT `id`,`name`,`url`,`sort`,`icon` FROM `kh_menu` WHERE `parent_id` = 28 ORDER BY sort asc  [ RunTime:0.0400s ]
SQL: SELECT `id`,`name`,`url`,`sort`,`icon` FROM `kh_menu` WHERE `parent_id` = 32 ORDER BY sort asc  [ RunTime:0.0370s ]
SQL: SHOW COLUMNS FROM `kh_auth_group_access` [ RunTime:0.0418s ]
SQL: SELECT `uid`,`group_id`,`title`,`rules` FROM kh_auth_group_access a INNER JOIN kh_auth_group g on a.group_id=g.id  WHERE ( a.uid='1' and g.status='1' )  [ RunTime:0.0386s ]
SQL: SHOW COLUMNS FROM `kh_auth_rule` [ RunTime:0.0372s ]
SQL: SELECT `condition`,`name` FROM `kh_auth_rule` WHERE `id` IN ('1','2','3','4','17','18','19','20','24','5','6','27','8','9','15','16','28','11','12','13','14','23','25','21','22','26','39','29','30','31','38','32','33','34','35','36') AND `type` = 1 AND `status` = 1  [ RunTime:0.0385s ]

[ 2017-12-12T16:23:41+08:00 ] 10.0.7.44 /Public/static/js/menuManage.js
ERR: 无法加载控制器:Public

[ 2017-12-12T16:23:41+08:00 ] 10.0.7.44 /Public/static/js/menuManage.js
ERR: 无法加载控制器:Public

[ 2017-12-12T16:24:28+08:00 ] 10.0.7.44 /cuitcheck/Uploads/UserPhoto/sysuser_1.jpeg
ERR: 无法加载控制器:Cuitcheck

[ 2017-12-12T16:24:39+08:00 ] 10.0.7.44 /cuitcheck/Uploads/UserPhoto/sysuser_1.jpeg
ERR: 无法加载控制器:Cuitcheck

[ 2017-12-12T16:27:49+08:00 ] 127.0.0.1 /cuitcheck/Uploads/UserPhoto/sysuser_1.jpeg
ERR: 无法加载控制器:Cuitcheck

[ 2017-12-12T16:27:50+08:00 ] 127.0.0.1 /Home/Index/GetMenulist.html
INFO: [ app_begin ] --START--
INFO: Run Behavior\ReadHtmlCacheBehavior [ RunTime:0.000285s ]
INFO: [ app_begin ] --END-- [ RunTime:0.000555s ]
SQL: SHOW COLUMNS FROM `kh_menu` [ RunTime:0.0422s ]
SQL: SELECT `id`,`name`,`url`,`sort`,`icon` FROM `kh_menu` WHERE `parent_id` = 0 AND `del_flag` = 1 ORDER BY sort asc  [ RunTime:0.0399s ]
SQL: SHOW COLUMNS FROM `kh_sysuser` [ RunTime:0.0399s ]
SQL: SELECT `id`,`account`,`name`,`sex`,`photo`,`phone`,`email`,`role`,`status`,`dept_id` FROM `kh_sysuser` WHERE `account` = 'taolei' LIMIT 1   [ RunTime:0.0414s ]
SQL: SELECT `id`,`name`,`url`,`sort`,`icon` FROM `kh_menu` WHERE `parent_id` = 3 ORDER BY sort asc  [ RunTime:0.0399s ]
SQL: SELECT `id`,`name`,`url`,`sort`,`icon` FROM `kh_menu` WHERE `parent_id` = 9 ORDER BY sort asc  [ RunTime:0.0401s ]
SQL: SELECT `id`,`name`,`url`,`sort`,`icon` FROM `kh_menu` WHERE `parent_id` = 1 ORDER BY sort asc  [ RunTime:0.0387s ]
SQL: SELECT `id`,`name`,`url`,`sort`,`icon` FROM `kh_menu` WHERE `parent_id` = 11 ORDER BY sort asc  [ RunTime:0.0404s ]
SQL: SELECT `id`,`name`,`url`,`sort`,`icon` FROM `kh_menu` WHERE `parent_id` = 17 ORDER BY sort asc  [ RunTime:0.0392s ]
SQL: SELECT `id`,`name`,`url`,`sort`,`icon` FROM `kh_menu` WHERE `parent_id` = 23 ORDER BY sort asc  [ RunTime:0.0394s ]
SQL: SELECT `id`,`name`,`url`,`sort`,`icon` FROM `kh_menu` WHERE `parent_id` = 28 ORDER BY sort asc  [ RunTime:0.0401s ]
SQL: SELECT `id`,`name`,`url`,`sort`,`icon` FROM `kh_menu` WHERE `parent_id` = 32 ORDER BY sort asc  [ RunTime:0.0397s ]
SQL: SHOW COLUMNS FROM `kh_auth_group_access` [ RunTime:0.0412s ]
SQL: SELECT `uid`,`group_id`,`title`,`rules` FROM kh_auth_group_access a INNER JOIN kh_auth_group g on a.group_id=g.id  WHERE ( a.uid='1' and g.status='1' )  [ RunTime:0.0403s ]
SQL: SHOW COLUMNS FROM `kh_auth_rule` [ RunTime:0.0406s ]
SQL: SELECT `condition`,`name` FROM `kh_auth_rule` WHERE `id` IN ('1','2','3','4','17','18','19','20','24','5','6','27','8','9','15','16','28','11','12','13','14','23','25','21','22','26','39','29','30','31','38','32','33','34','35','36') AND `type` = 1 AND `status` = 1  [ RunTime:0.0437s ]

[ 2017-12-12T16:28:35+08:00 ] 127.0.0.1 /ScoreAnalysis/linkSearch.html
INFO: [ app_begin ] --START--
INFO: Run Behavior\ReadHtmlCacheBehavior [ RunTime:0.000279s ]
INFO: [ app_begin ] --END-- [ RunTime:0.000645s ]
SQL: SHOW COLUMNS FROM `kh_course` [ RunTime:0.0402s ]
SQL: SELECT * FROM `kh_course` WHERE `college_id` = 4  [ RunTime:0.0441s ]

[ 2017-12-12T16:28:35+08:00 ] 127.0.0.1 /ScoreAnalysis/linkSearch.html
INFO: [ app_begin ] --START--
INFO: Run Behavior\ReadHtmlCacheBehavior [ RunTime:0.000298s ]
INFO: [ app_begin ] --END-- [ RunTime:0.000668s ]
SQL: SHOW COLUMNS FROM `kh_lession` [ RunTime:0.0621s ]
SQL: SELECT * FROM `kh_lession` WHERE `course_id` = 1  [ RunTime:0.0582s ]

[ 2017-12-12T16:28:36+08:00 ] 127.0.0.1 /ScoreAnalysis/linkSearch.html
INFO: [ app_begin ] --START--
INFO: Run Behavior\ReadHtmlCacheBehavior [ RunTime:0.000441s ]
INFO: [ app_begin ] --END-- [ RunTime:0.000748s ]
SQL: SHOW COLUMNS FROM `kh_course` [ RunTime:0.0394s ]
SQL: SELECT * FROM `kh_course` WHERE `college_id` = 4  [ RunTime:0.0418s ]
SQL: SHOW COLUMNS FROM `kh_testpaper` [ RunTime:0.0397s ]
SQL: SELECT * FROM `kh_testpaper` WHERE `college_id` = 4 AND `lession_id` = 0  [ RunTime:0.0388s ]
SQL: SHOW COLUMNS FROM `kh_courseclass` [ RunTime:0.0380s ]
SQL: SELECT * FROM `kh_courseclass` WHERE `college_id` = 4 AND `lession_id` = 0 AND `grade_id` = 0  [ RunTime:0.0389s ]

[ 2017-12-12T16:28:36+08:00 ] 127.0.0.1 /ScoreAnalysis/linkSearch.html
INFO: [ app_begin ] --START--
INFO: Run Behavior\ReadHtmlCacheBehavior [ RunTime:0.000828s ]
INFO: [ app_begin ] --END-- [ RunTime:0.001180s ]
SQL: SHOW COLUMNS FROM `kh_course` [ RunTime:0.0564s ]
SQL: SELECT * FROM `kh_course` WHERE `college_id` = 4  [ RunTime:0.0462s ]
SQL: SHOW COLUMNS FROM `kh_testpaper` [ RunTime:0.0625s ]
SQL: SELECT * FROM `kh_testpaper` WHERE `college_id` = 4 AND `lession_id` = 1  [ RunTime:0.0533s ]

[ 2017-12-12T16:28:39+08:00 ] 127.0.0.1 /ScoreAnalysis/linkSearch.html
INFO: [ app_begin ] --START--
INFO: Run Behavior\ReadHtmlCacheBehavior [ RunTime:0.000273s ]
INFO: [ app_begin ] --END-- [ RunTime:0.000488s ]
SQL: SHOW COLUMNS FROM `kh_course` [ RunTime:0.0404s ]
SQL: SELECT * FROM `kh_course` WHERE `college_id` = 5  [ RunTime:0.2933s ]

[ 2017-12-12T16:28:39+08:00 ] 127.0.0.1 /ScoreAnalysis/linkSearch.html
INFO: [ app_begin ] --START--
INFO: Run Behavior\ReadHtmlCacheBehavior [ RunTime:0.000283s ]
INFO: [ app_begin ] --END-- [ RunTime:0.000547s ]
SQL: SHOW COLUMNS FROM `kh_lession` [ RunTime:0.0412s ]
SQL: SELECT * FROM `kh_lession` WHERE `course_id` = 3  [ RunTime:0.0563s ]

[ 2017-12-12T16:28:40+08:00 ] 127.0.0.1 /ScoreAnalysis/linkSearch.html
INFO: [ app_begin ] --START--
INFO: Run Behavior\ReadHtmlCacheBehavior [ RunTime:0.000346s ]
INFO: [ app_begin ] --END-- [ RunTime:0.000567s ]
SQL: SHOW COLUMNS FROM `kh_course` [ RunTime:0.0422s ]
SQL: SELECT * FROM `kh_course` WHERE `college_id` = 5  [ RunTime:0.0446s ]
SQL: SHOW COLUMNS FROM `kh_testpaper` [ RunTime:0.0430s ]
SQL: SELECT * FROM `kh_testpaper` WHERE `college_id` = 5 AND `lession_id` = 1  [ RunTime:0.0403s ]
SQL: SHOW COLUMNS FROM `kh_courseclass` [ RunTime:0.0429s ]
SQL: SELECT * FROM `kh_courseclass` WHERE `college_id` = 5 AND `lession_id` = 1 AND `grade_id` = 0  [ RunTime:0.0423s ]

[ 2017-12-12T16:28:40+08:00 ] 127.0.0.1 /ScoreAnalysis/linkSearch.html
INFO: [ app_begin ] --START--
INFO: Run Behavior\ReadHtmlCacheBehavior [ RunTime:0.000400s ]
INFO: [ app_begin ] --END-- [ RunTime:0.000708s ]
SQL: SHOW COLUMNS FROM `kh_course` [ RunTime:0.0391s ]
SQL: SELECT * FROM `kh_course` WHERE `college_id` = 5  [ RunTime:0.0418s ]
SQL: SHOW COLUMNS FROM `kh_testpaper` [ RunTime:0.0384s ]
SQL: SELECT * FROM `kh_testpaper` WHERE `college_id` = 5 AND `lession_id` = 0  [ RunTime:0.0410s ]

[ 2017-12-12T16:28:43+08:00 ] 127.0.0.1 /ScoreAnalysis/linkSearch.html
INFO: [ app_begin ] --START--
INFO: Run Behavior\ReadHtmlCacheBehavior [ RunTime:0.000447s ]
INFO: [ app_begin ] --END-- [ RunTime:0.001064s ]
SQL: SHOW COLUMNS FROM `kh_course` [ RunTime:0.0382s ]
SQL: SELECT * FROM `kh_course` WHERE `college_id` = 4  [ RunTime:0.0381s ]

[ 2017-12-12T16:28:44+08:00 ] 127.0.0.1 /ScoreAnalysis/linkSearch.html
INFO: [ app_begin ] --START--
INFO: Run Behavior\ReadHtmlCacheBehavior [ RunTime:0.000420s ]
INFO: [ app_begin ] --END-- [ RunTime:0.001170s ]
SQL: SHOW COLUMNS FROM `kh_course` [ RunTime:0.0393s ]
SQL: SELECT * FROM `kh_course` WHERE `college_id` = 4  [ RunTime:0.0388s ]
SQL: SHOW COLUMNS FROM `kh_testpaper` [ RunTime:0.0377s ]
SQL: SELECT * FROM `kh_testpaper` WHERE `college_id` = 4 AND `lession_id` = 0  [ RunTime:0.0423s ]
SQL: SHOW COLUMNS FROM `kh_courseclass` [ RunTime:0.0394s ]
SQL: SELECT * FROM `kh_courseclass` WHERE `college_id` = 4 AND `lession_id` = 0 AND `grade_id` = 0  [ RunTime:0.0438s ]

[ 2017-12-12T16:28:44+08:00 ] 127.0.0.1 /ScoreAnalysis/linkSearch.html
INFO: [ app_begin ] --START--
INFO: Run Behavior\ReadHtmlCacheBehavior [ RunTime:0.000734s ]
INFO: [ app_begin ] --END-- [ RunTime:0.002313s ]
SQL: SHOW COLUMNS FROM `kh_lession` [ RunTime:0.0382s ]
SQL: SELECT * FROM `kh_lession` WHERE `course_id` = 1  [ RunTime:0.0377s ]

[ 2017-12-12T16:28:45+08:00 ] 127.0.0.1 /ScoreAnalysis/linkSearch.html
INFO: [ app_begin ] --START--
INFO: Run Behavior\ReadHtmlCacheBehavior [ RunTime:0.000271s ]
INFO: [ app_begin ] --END-- [ RunTime:0.000484s ]
SQL: SHOW COLUMNS FROM `kh_course` [ RunTime:0.0409s ]
SQL: SELECT * FROM `kh_course` WHERE `college_id` = 4  [ RunTime:0.2974s ]
SQL: SHOW COLUMNS FROM `kh_testpaper` [ RunTime:0.0399s ]
SQL: SELECT * FROM `kh_testpaper` WHERE `college_id` = 4 AND `lession_id` = 1  [ RunTime:0.0385s ]

[ 2017-12-12T16:28:48+08:00 ] 127.0.0.1 /ScoreAnalysis/linkSearch.html
INFO: [ app_begin ] --START--
INFO: Run Behavior\ReadHtmlCacheBehavior [ RunTime:0.000296s ]
INFO: [ app_begin ] --END-- [ RunTime:0.000536s ]
SQL: SHOW COLUMNS FROM `kh_lession` [ RunTime:0.0409s ]
SQL: SELECT * FROM `kh_lession` WHERE `course_id` = 2  [ RunTime:0.0512s ]

[ 2017-12-12T16:28:48+08:00 ] 127.0.0.1 /ScoreAnalysis/linkSearch.html
INFO: [ app_begin ] --START--
INFO: Run Behavior\ReadHtmlCacheBehavior [ RunTime:0.000272s ]
INFO: [ app_begin ] --END-- [ RunTime:0.000488s ]
SQL: SHOW COLUMNS FROM `kh_course` [ RunTime:0.0398s ]
SQL: SELECT * FROM `kh_course` WHERE `college_id` = 4  [ RunTime:0.0395s ]
SQL: SHOW COLUMNS FROM `kh_testpaper` [ RunTime:0.0414s ]
SQL: SELECT * FROM `kh_testpaper` WHERE `college_id` = 4 AND `lession_id` = 1  [ RunTime:0.0395s ]
SQL: SHOW COLUMNS FROM `kh_courseclass` [ RunTime:0.0399s ]
SQL: SELECT * FROM `kh_courseclass` WHERE `college_id` = 4 AND `lession_id` = 1 AND `grade_id` = 0  [ RunTime:0.0393s ]

[ 2017-12-12T16:28:49+08:00 ] 127.0.0.1 /ScoreAnalysis/linkSearch.html
INFO: [ app_begin ] --START--
INFO: Run Behavior\ReadHtmlCacheBehavior [ RunTime:0.000273s ]
INFO: [ app_begin ] --END-- [ RunTime:0.000490s ]
SQL: SHOW COLUMNS FROM `kh_course` [ RunTime:0.0414s ]
SQL: SELECT * FROM `kh_course` WHERE `college_id` = 4  [ RunTime:0.0415s ]
SQL: SHOW COLUMNS FROM `kh_testpaper` [ RunTime:0.0420s ]
SQL: SELECT * FROM `kh_testpaper` WHERE `college_id` = 4 AND `lession_id` = 2  [ RunTime:0.0405s ]

[ 2017-12-12T16:28:51+08:00 ] 127.0.0.1 /ScoreAnalysis/linkSearch.html
INFO: [ app_begin ] --START--
INFO: Run Behavior\ReadHtmlCacheBehavior [ RunTime:0.000332s ]
INFO: [ app_begin ] --END-- [ RunTime:0.000588s ]
SQL: SHOW COLUMNS FROM `kh_course` [ RunTime:0.0396s ]
SQL: SELECT * FROM `kh_course` WHERE `college_id` = 4  [ RunTime:0.0419s ]
SQL: SHOW COLUMNS FROM `kh_testpaper` [ RunTime:0.0437s ]
SQL: SELECT * FROM `kh_testpaper` WHERE `college_id` = 4 AND `lession_id` = 2  [ RunTime:0.0393s ]
SQL: SHOW COLUMNS FROM `kh_courseclass` [ RunTime:0.0408s ]
SQL: SELECT * FROM `kh_courseclass` WHERE `college_id` = 4 AND `lession_id` = 2 AND `grade_id` = 1  [ RunTime:0.0450s ]

[ 2017-12-12T17:18:15+08:00 ] 127.0.0.1 /cuitcheck/Uploads/UserPhoto/sysuser_1.jpeg
ERR: 无法加载控制器:Cuitcheck

[ 2017-12-12T17:18:17+08:00 ] 127.0.0.1 /Home/Index/GetMenulist.html
INFO: [ app_begin ] --START--
INFO: Run Behavior\ReadHtmlCacheBehavior [ RunTime:0.000288s ]
INFO: [ app_begin ] --END-- [ RunTime:0.000567s ]
SQL: SHOW COLUMNS FROM `kh_menu` [ RunTime:0.0687s ]
SQL: SELECT `id`,`name`,`url`,`sort`,`icon` FROM `kh_menu` WHERE `parent_id` = 0 AND `del_flag` = 1 ORDER BY sort asc  [ RunTime:0.0694s ]
SQL: SHOW COLUMNS FROM `kh_sysuser` [ RunTime:0.0655s ]
SQL: SELECT `id`,`account`,`name`,`sex`,`photo`,`phone`,`email`,`role`,`status`,`dept_id` FROM `kh_sysuser` WHERE `account` = 'taolei' LIMIT 1   [ RunTime:0.0630s ]
SQL: SELECT `id`,`name`,`url`,`sort`,`icon` FROM `kh_menu` WHERE `parent_id` = 3 ORDER BY sort asc  [ RunTime:0.0669s ]
SQL: SELECT `id`,`name`,`url`,`sort`,`icon` FROM `kh_menu` WHERE `parent_id` = 9 ORDER BY sort asc  [ RunTime:0.0625s ]
SQL: SELECT `id`,`name`,`url`,`sort`,`icon` FROM `kh_menu` WHERE `parent_id` = 1 ORDER BY sort asc  [ RunTime:0.0683s ]
SQL: SELECT `id`,`name`,`url`,`sort`,`icon` FROM `kh_menu` WHERE `parent_id` = 11 ORDER BY sort asc  [ RunTime:0.0715s ]
SQL: SELECT `id`,`name`,`url`,`sort`,`icon` FROM `kh_menu` WHERE `parent_id` = 17 ORDER BY sort asc  [ RunTime:0.0599s ]
SQL: SELECT `id`,`name`,`url`,`sort`,`icon` FROM `kh_menu` WHERE `parent_id` = 23 ORDER BY sort asc  [ RunTime:0.0627s ]
SQL: SELECT `id`,`name`,`url`,`sort`,`icon` FROM `kh_menu` WHERE `parent_id` = 28 ORDER BY sort asc  [ RunTime:0.0630s ]
SQL: SELECT `id`,`name`,`url`,`sort`,`icon` FROM `kh_menu` WHERE `parent_id` = 32 ORDER BY sort asc  [ RunTime:0.0617s ]
SQL: SHOW COLUMNS FROM `kh_auth_group_access` [ RunTime:0.0667s ]
SQL: SELECT `uid`,`group_id`,`title`,`rules` FROM kh_auth_group_access a INNER JOIN kh_auth_group g on a.group_id=g.id  WHERE ( a.uid='1' and g.status='1' )  [ RunTime:0.0663s ]
SQL: SHOW COLUMNS FROM `kh_auth_rule` [ RunTime:0.0654s ]
SQL: SELECT `condition`,`name` FROM `kh_auth_rule` WHERE `id` IN ('1','2','3','4','17','18','19','20','24','5','6','27','8','9','15','16','28','11','12','13','14','23','25','21','22','26','39','29','30','31','38','32','33','34','35','36') AND `type` = 1 AND `status` = 1  [ RunTime:0.0638s ]

