[ 2017-12-12T16:03:01+08:00 ] 10.0.7.44 /student
ERR: 无法加载控制器:Index

[ 2017-12-12T16:03:05+08:00 ] 10.0.7.44 /Student
ERR: 无法加载控制器:Index

[ 2017-12-12T16:03:25+08:00 ] 10.0.7.44 /Student
ERR: 无法加载控制器:Index

[ 2017-12-12T16:03:26+08:00 ] 10.0.7.44 /student
ERR: 无法加载控制器:Index

[ 2017-12-12T16:04:19+08:00 ] 10.0.7.44 /Student/index/index
ERR: 无法加载控制器:Index

[ 2017-12-12T16:04:28+08:00 ] 10.0.7.44 /Student/index
ERR: 无法加载控制器:Index

[ 2017-12-12T16:04:34+08:00 ] 10.0.7.44 /Student/index
ERR: 无法加载控制器:Index

[ 2017-12-12T16:05:06+08:00 ] 10.0.7.44 /Student/LoginMgr
ERR: 非法操作:index

[ 2017-12-12T16:05:54+08:00 ] 10.0.7.44 /Student/LoginMgr/checklogin.html
INFO: [ app_begin ] --START--
INFO: Run Behavior\ReadHtmlCacheBehavior [ RunTime:0.000340s ]
INFO: [ app_begin ] --END-- [ RunTime:0.000574s ]
SQL: SHOW COLUMNS FROM `kh_student` [ RunTime:0.0420s ]
SQL: SELECT * FROM `kh_student` WHERE `account` = 'taolei' AND `password` = 'd93a5def7511da3d0f2d171d9c344e91' AND `del_flag` = 1 LIMIT 1   [ RunTime:0.0599s ]
SQL: SELECT * FROM `kh_student` WHERE `account` = 'taolei' AND `password` = '123456' LIMIT 1   [ RunTime:0.0423s ]
NOTIC: [8] Undefined variable: id F:\xampp\htdocs\cuit_check\Application\Student\Controller\LoginMgrController.class.php 第 28 行.

[ 2017-12-12T16:06:05+08:00 ] 10.0.7.44 /Student/LoginMgr/checklogin.html
INFO: [ app_begin ] --START--
INFO: Run Behavior\ReadHtmlCacheBehavior [ RunTime:0.000337s ]
INFO: [ app_begin ] --END-- [ RunTime:0.000655s ]
SQL: SHOW COLUMNS FROM `kh_student` [ RunTime:0.0511s ]
SQL: SELECT * FROM `kh_student` WHERE `account` = 'taolei' AND `password` = 'd93a5def7511da3d0f2d171d9c344e91' AND `del_flag` = 1 LIMIT 1   [ RunTime:0.0430s ]
SQL: SELECT * FROM `kh_student` WHERE `account` = 'taolei' AND `password` = '123456' LIMIT 1   [ RunTime:0.0471s ]
NOTIC: [8] Undefined variable: id F:\xampp\htdocs\cuit_check\Application\Student\Controller\LoginMgrController.class.php 第 28 行.

[ 2017-12-12T16:06:59+08:00 ] 10.0.7.44 /Student/LoginMgr/checklogin.html
INFO: [ app_begin ] --START--
INFO: Run Behavior\ReadHtmlCacheBehavior [ RunTime:0.000298s ]
INFO: [ app_begin ] --END-- [ RunTime:0.000521s ]
SQL: SHOW COLUMNS FROM `kh_student` [ RunTime:0.0599s ]
SQL: SELECT * FROM `kh_student` WHERE `account` = '2015081149' AND `password` = '5efd5718831cc43087a789cf7b86a36b' AND `del_flag` = 1 LIMIT 1   [ RunTime:0.0707s ]
SQL: SELECT * FROM `kh_student` WHERE `account` = '2015081149' AND `password` = '6aa471cb63531e429bfcd8b336585075' LIMIT 1   [ RunTime:0.0614s ]
NOTIC: [8] Undefined variable: id F:\xampp\htdocs\cuit_check\Application\Student\Controller\LoginMgrController.class.php 第 28 行.
NOTIC: [8] Use of undefined constant success - assumed 'success' F:\xampp\htdocs\cuit_check\Application\Student\Controller\LoginMgrController.class.php 第 52 行.

[ 2017-12-12T16:07:03+08:00 ] 10.0.7.44 /Student/TestRecord/getRecord.html?type=&requestPage=1
INFO: [ app_begin ] --START--
INFO: Run Behavior\ReadHtmlCacheBehavior [ RunTime:0.000458s ]
INFO: [ app_begin ] --END-- [ RunTime:0.000815s ]
SQL: SHOW COLUMNS FROM `kh_paper_courserclass` [ RunTime:0.0426s ]
SQL: SELECT testpaper_id,end_time FROM `kh_paper_courserclass` INNER JOIN kh_class_student ON kh_class_student.courseclass_id= kh_paper_courserclass.courserclass_id  WHERE `account` = '2015081149'  [ RunTime:0.0537s ]
SQL: SELECT `testpaper_id`,`start_time`,kh_testpaper.name,kh_testpaper.pass_score,kh_testpaper.full_score,kh_paper_courserclass.create_by FROM `kh_paper_courserclass` INNER JOIN kh_testpaper ON kh_testpaper.id = kh_paper_courserclass.testpaper_id  WHERE `testpaper_id` = '1'  [ RunTime:0.0632s ]

[ 2017-12-12T16:07:03+08:00 ] 10.0.7.44 /Student/TestPaper/paperList.html
INFO: [ app_begin ] --START--
INFO: Run Behavior\ReadHtmlCacheBehavior [ RunTime:0.000436s ]
INFO: [ app_begin ] --END-- [ RunTime:0.000746s ]
SQL: SHOW COLUMNS FROM `kh_class_student` [ RunTime:0.0576s ]
SQL: SELECT `courseclass_id` FROM `kh_class_student` WHERE `account` = '2015081149'  [ RunTime:0.0539s ]
SQL: SHOW COLUMNS FROM `kh_paper_courserclass` [ RunTime:0.0477s ]
SQL: SELECT `testpaper_id`,`courserclass_id`,t1.start_time,t1.end_time,kh_courseclass.name as courseclassName FROM kh_paper_courserclass as t1 INNER JOIN kh_courseclass ON kh_courseclass.id = courserclass_id  WHERE `courserclass_id` IN ('1')  [ RunTime:0.0521s ]
SQL: SHOW COLUMNS FROM `kh_score` [ RunTime:0.0670s ]
SQL: SELECT `testpaper_id` FROM `kh_score` WHERE `account` = 2015081149  [ RunTime:0.0549s ]

[ 2017-12-12T16:07:15+08:00 ] 10.0.7.44 /Student/TestPaper/paperList.html
INFO: [ app_begin ] --START--
INFO: Run Behavior\ReadHtmlCacheBehavior [ RunTime:0.000570s ]
INFO: [ app_begin ] --END-- [ RunTime:0.000891s ]
SQL: SHOW COLUMNS FROM `kh_class_student` [ RunTime:0.0395s ]
SQL: SELECT `courseclass_id` FROM `kh_class_student` WHERE `account` = '2015081149'  [ RunTime:0.0410s ]
SQL: SHOW COLUMNS FROM `kh_paper_courserclass` [ RunTime:0.0403s ]
SQL: SELECT `testpaper_id`,`courserclass_id`,t1.start_time,t1.end_time,kh_courseclass.name as courseclassName FROM kh_paper_courserclass as t1 INNER JOIN kh_courseclass ON kh_courseclass.id = courserclass_id  WHERE `courserclass_id` IN ('1')  [ RunTime:0.0412s ]
SQL: SHOW COLUMNS FROM `kh_score` [ RunTime:0.0499s ]
SQL: SELECT `testpaper_id` FROM `kh_score` WHERE `account` = 2015081149  [ RunTime:0.0451s ]

[ 2017-12-12T16:07:15+08:00 ] 10.0.7.44 /Student/TestRecord/getRecord.html?type=&requestPage=1
INFO: [ app_begin ] --START--
INFO: Run Behavior\ReadHtmlCacheBehavior [ RunTime:0.000275s ]
INFO: [ app_begin ] --END-- [ RunTime:0.000487s ]
SQL: SHOW COLUMNS FROM `kh_paper_courserclass` [ RunTime:0.0403s ]
SQL: SELECT testpaper_id,end_time FROM `kh_paper_courserclass` INNER JOIN kh_class_student ON kh_class_student.courseclass_id= kh_paper_courserclass.courserclass_id  WHERE `account` = '2015081149'  [ RunTime:0.0500s ]
SQL: SELECT `testpaper_id`,`start_time`,kh_testpaper.name,kh_testpaper.pass_score,kh_testpaper.full_score,kh_paper_courserclass.create_by FROM `kh_paper_courserclass` INNER JOIN kh_testpaper ON kh_testpaper.id = kh_paper_courserclass.testpaper_id  WHERE `testpaper_id` = '1'  [ RunTime:0.0504s ]

[ 2017-12-12T16:07:18+08:00 ] 10.0.7.44 /Student/TestRecord/getRecord.html?type=all&requestPage=1
INFO: [ app_begin ] --START--
INFO: Run Behavior\ReadHtmlCacheBehavior [ RunTime:0.000276s ]
INFO: [ app_begin ] --END-- [ RunTime:0.000492s ]
SQL: SHOW COLUMNS FROM `kh_paper_courserclass` [ RunTime:0.0590s ]
SQL: SELECT testpaper_id,end_time FROM `kh_paper_courserclass` INNER JOIN kh_class_student ON kh_class_student.courseclass_id= kh_paper_courserclass.courserclass_id  WHERE `account` = '2015081149'  [ RunTime:0.0474s ]
SQL: SELECT `testpaper_id`,`start_time`,kh_testpaper.name,kh_testpaper.pass_score,kh_testpaper.full_score,kh_paper_courserclass.create_by FROM `kh_paper_courserclass` INNER JOIN kh_testpaper ON kh_testpaper.id = kh_paper_courserclass.testpaper_id  WHERE `testpaper_id` = '1'  [ RunTime:0.0522s ]

[ 2017-12-12T16:07:25+08:00 ] 10.0.7.44 /Student/TestRecord/getDetails.html?testpaper_id=1&type=all&requestPage=1
INFO: [ app_begin ] --START--
INFO: Run Behavior\ReadHtmlCacheBehavior [ RunTime:0.000475s ]
INFO: [ app_begin ] --END-- [ RunTime:0.000768s ]
SQL: SHOW COLUMNS FROM `kh_test_final` [ RunTime:0.0454s ]
SQL: SHOW COLUMNS FROM `kh_testpaper` [ RunTime:0.0524s ]
SQL: SELECT `name`,`full_score`,`pass_score`,`type_id`,kh_paper_courserclass.create_by FROM `kh_testpaper` INNER JOIN kh_paper_courserclass ON kh_paper_courserclass.testpaper_id = kh_testpaper.id  WHERE `id` = '1'  [ RunTime:0.0556s ]
SQL: SHOW COLUMNS FROM `kh_dict` [ RunTime:0.0488s ]
SQL: SELECT `label` FROM `kh_dict` WHERE `type` = 'testType' AND `value` = '1' LIMIT 1   [ RunTime:0.0657s ]
SQL: SHOW COLUMNS FROM `kh_score` [ RunTime:0.0616s ]
SQL: SELECT `score` FROM `kh_score` WHERE `account` = 2015081149 AND `testpaper_id` = 1 LIMIT 1   [ RunTime:0.0569s ]
SQL: SHOW COLUMNS FROM `kh_student` [ RunTime:0.0495s ]
SQL: SELECT `id` FROM `kh_student` WHERE `account` = '2015081149' LIMIT 1   [ RunTime:0.0419s ]
SQL: SELECT COUNT(*) AS tp_count FROM `kh_test_final` WHERE `testpaper_id` = 1 AND `student_id` = 1 LIMIT 1   [ RunTime:0.0457s ]
SQL: SELECT `question_id`,`answer_id`,`is_true` FROM `kh_test_final` WHERE `testpaper_id` = 1 AND `student_id` = 1 LIMIT 0,4   [ RunTime:0.0531s ]
SQL: SHOW COLUMNS FROM `kh_question` [ RunTime:0.0419s ]
SQL: SELECT `content` FROM `kh_question` WHERE `id` = 1 LIMIT 1   [ RunTime:0.0474s ]
SQL: SHOW COLUMNS FROM `kh_answer` [ RunTime:0.0510s ]
SQL: SELECT `id`,`content`,`is_true` FROM `kh_answer` WHERE `question_id` = 1  [ RunTime:0.0462s ]
SQL: SHOW COLUMNS FROM `kh_question_know` [ RunTime:0.0461s ]
SQL: SELECT `knowledge_id` FROM `kh_question_know` WHERE `question_id` = 1  [ RunTime:0.0436s ]
SQL: SHOW COLUMNS FROM `kh_knowledge` [ RunTime:0.0489s ]
SQL: SELECT `name` FROM `kh_knowledge` WHERE `id` = 1 LIMIT 1   [ RunTime:0.0498s ]
SQL: SELECT `content` FROM `kh_question` WHERE `id` = 20 LIMIT 1   [ RunTime:0.0471s ]
SQL: SELECT `id`,`content`,`is_true` FROM `kh_answer` WHERE `question_id` = 20  [ RunTime:0.0446s ]
SQL: SELECT `knowledge_id` FROM `kh_question_know` WHERE `question_id` = 20  [ RunTime:0.0523s ]
SQL: SELECT `name` FROM `kh_knowledge` WHERE `id` = 1 LIMIT 1   [ RunTime:0.0475s ]
SQL: SELECT `name` FROM `kh_knowledge` WHERE `id` = 2 LIMIT 1   [ RunTime:0.0480s ]
SQL: SELECT `content` FROM `kh_question` WHERE `id` = 24 LIMIT 1   [ RunTime:0.0503s ]
SQL: SELECT `id`,`content`,`is_true` FROM `kh_answer` WHERE `question_id` = 24  [ RunTime:0.0469s ]
SQL: SELECT `knowledge_id` FROM `kh_question_know` WHERE `question_id` = 24  [ RunTime:0.0481s ]
SQL: SELECT `name` FROM `kh_knowledge` WHERE `id` = 1 LIMIT 1   [ RunTime:0.0437s ]
SQL: SELECT `content` FROM `kh_question` WHERE `id` = 25 LIMIT 1   [ RunTime:0.0500s ]
SQL: SELECT `id`,`content`,`is_true` FROM `kh_answer` WHERE `question_id` = 25  [ RunTime:0.0457s ]
SQL: SELECT `knowledge_id` FROM `kh_question_know` WHERE `question_id` = 25  [ RunTime:0.0471s ]
SQL: SELECT `name` FROM `kh_knowledge` WHERE `id` = 1 LIMIT 1   [ RunTime:0.0523s ]

[ 2017-12-12T16:07:35+08:00 ] 10.0.7.44 /Student/TestRecord/getRecord.html?type=&requestPage=1
INFO: [ app_begin ] --START--
INFO: Run Behavior\ReadHtmlCacheBehavior [ RunTime:0.000301s ]
INFO: [ app_begin ] --END-- [ RunTime:0.000534s ]
SQL: SHOW COLUMNS FROM `kh_paper_courserclass` [ RunTime:0.0465s ]
SQL: SELECT testpaper_id,end_time FROM `kh_paper_courserclass` INNER JOIN kh_class_student ON kh_class_student.courseclass_id= kh_paper_courserclass.courserclass_id  WHERE `account` = '2015081149'  [ RunTime:0.0584s ]
SQL: SELECT `testpaper_id`,`start_time`,kh_testpaper.name,kh_testpaper.pass_score,kh_testpaper.full_score,kh_paper_courserclass.create_by FROM `kh_paper_courserclass` INNER JOIN kh_testpaper ON kh_testpaper.id = kh_paper_courserclass.testpaper_id  WHERE `testpaper_id` = '1'  [ RunTime:0.0707s ]

[ 2017-12-12T16:07:36+08:00 ] 10.0.7.44 /Student/TestPaper/paperList.html
INFO: [ app_begin ] --START--
INFO: Run Behavior\ReadHtmlCacheBehavior [ RunTime:0.000361s ]
INFO: [ app_begin ] --END-- [ RunTime:0.000583s ]
SQL: SHOW COLUMNS FROM `kh_class_student` [ RunTime:0.0434s ]
SQL: SELECT `courseclass_id` FROM `kh_class_student` WHERE `account` = '2015081149'  [ RunTime:0.0491s ]
SQL: SHOW COLUMNS FROM `kh_paper_courserclass` [ RunTime:0.0509s ]
SQL: SELECT `testpaper_id`,`courserclass_id`,t1.start_time,t1.end_time,kh_courseclass.name as courseclassName FROM kh_paper_courserclass as t1 INNER JOIN kh_courseclass ON kh_courseclass.id = courserclass_id  WHERE `courserclass_id` IN ('1')  [ RunTime:0.0387s ]
SQL: SHOW COLUMNS FROM `kh_score` [ RunTime:0.0406s ]
SQL: SELECT `testpaper_id` FROM `kh_score` WHERE `account` = 2015081149  [ RunTime:0.0439s ]

[ 2017-12-12T16:07:39+08:00 ] 10.0.7.44 /Student/TestRecord/getRecord.html?type=1&requestPage=1
INFO: [ app_begin ] --START--
INFO: Run Behavior\ReadHtmlCacheBehavior [ RunTime:0.000420s ]
INFO: [ app_begin ] --END-- [ RunTime:0.000713s ]
SQL: SHOW COLUMNS FROM `kh_paper_courserclass` [ RunTime:0.0426s ]
SQL: SELECT testpaper_id,end_time FROM `kh_paper_courserclass` INNER JOIN kh_class_student ON kh_class_student.courseclass_id= kh_paper_courserclass.courserclass_id  WHERE `account` = '2015081149'  [ RunTime:0.0399s ]
SQL: SELECT `testpaper_id`,`start_time`,kh_testpaper.name,kh_testpaper.pass_score,kh_testpaper.full_score,kh_paper_courserclass.create_by FROM `kh_paper_courserclass` INNER JOIN kh_testpaper ON kh_testpaper.id = kh_paper_courserclass.testpaper_id  WHERE `testpaper_id` = '1' AND `type_id` = '1'  [ RunTime:0.0419s ]

[ 2017-12-12T16:07:45+08:00 ] 10.0.7.44 /Student/TestRecord/getDetails.html?testpaper_id=1&type=all&requestPage=1
INFO: [ app_begin ] --START--
INFO: Run Behavior\ReadHtmlCacheBehavior [ RunTime:0.000286s ]
INFO: [ app_begin ] --END-- [ RunTime:0.000510s ]
SQL: SHOW COLUMNS FROM `kh_test_final` [ RunTime:0.0395s ]
SQL: SHOW COLUMNS FROM `kh_testpaper` [ RunTime:0.0389s ]
SQL: SELECT `name`,`full_score`,`pass_score`,`type_id`,kh_paper_courserclass.create_by FROM `kh_testpaper` INNER JOIN kh_paper_courserclass ON kh_paper_courserclass.testpaper_id = kh_testpaper.id  WHERE `id` = '1'  [ RunTime:0.0444s ]
SQL: SHOW COLUMNS FROM `kh_dict` [ RunTime:0.0480s ]
SQL: SELECT `label` FROM `kh_dict` WHERE `type` = 'testType' AND `value` = '1' LIMIT 1   [ RunTime:0.0540s ]
SQL: SHOW COLUMNS FROM `kh_score` [ RunTime:0.0445s ]
SQL: SELECT `score` FROM `kh_score` WHERE `account` = 2015081149 AND `testpaper_id` = 1 LIMIT 1   [ RunTime:0.0554s ]
SQL: SHOW COLUMNS FROM `kh_student` [ RunTime:0.0388s ]
SQL: SELECT `id` FROM `kh_student` WHERE `account` = '2015081149' LIMIT 1   [ RunTime:0.0375s ]
SQL: SELECT COUNT(*) AS tp_count FROM `kh_test_final` WHERE `testpaper_id` = 1 AND `student_id` = 1 LIMIT 1   [ RunTime:0.0426s ]
SQL: SELECT `question_id`,`answer_id`,`is_true` FROM `kh_test_final` WHERE `testpaper_id` = 1 AND `student_id` = 1 LIMIT 0,4   [ RunTime:0.0390s ]
SQL: SHOW COLUMNS FROM `kh_question` [ RunTime:0.0390s ]
SQL: SELECT `content` FROM `kh_question` WHERE `id` = 1 LIMIT 1   [ RunTime:0.0402s ]
SQL: SHOW COLUMNS FROM `kh_answer` [ RunTime:0.0388s ]
SQL: SELECT `id`,`content`,`is_true` FROM `kh_answer` WHERE `question_id` = 1  [ RunTime:0.0495s ]
SQL: SHOW COLUMNS FROM `kh_question_know` [ RunTime:0.0382s ]
SQL: SELECT `knowledge_id` FROM `kh_question_know` WHERE `question_id` = 1  [ RunTime:0.0399s ]
SQL: SHOW COLUMNS FROM `kh_knowledge` [ RunTime:0.0388s ]
SQL: SELECT `name` FROM `kh_knowledge` WHERE `id` = 1 LIMIT 1   [ RunTime:0.0382s ]
SQL: SELECT `content` FROM `kh_question` WHERE `id` = 20 LIMIT 1   [ RunTime:0.0392s ]
SQL: SELECT `id`,`content`,`is_true` FROM `kh_answer` WHERE `question_id` = 20  [ RunTime:0.0381s ]
SQL: SELECT `knowledge_id` FROM `kh_question_know` WHERE `question_id` = 20  [ RunTime:0.0377s ]
SQL: SELECT `name` FROM `kh_knowledge` WHERE `id` = 1 LIMIT 1   [ RunTime:0.0376s ]
SQL: SELECT `name` FROM `kh_knowledge` WHERE `id` = 2 LIMIT 1   [ RunTime:0.0378s ]
SQL: SELECT `content` FROM `kh_question` WHERE `id` = 24 LIMIT 1   [ RunTime:0.0384s ]
SQL: SELECT `id`,`content`,`is_true` FROM `kh_answer` WHERE `question_id` = 24  [ RunTime:0.0377s ]
SQL: SELECT `knowledge_id` FROM `kh_question_know` WHERE `question_id` = 24  [ RunTime:0.0371s ]
SQL: SELECT `name` FROM `kh_knowledge` WHERE `id` = 1 LIMIT 1   [ RunTime:0.0378s ]
SQL: SELECT `content` FROM `kh_question` WHERE `id` = 25 LIMIT 1   [ RunTime:0.0687s ]
SQL: SELECT `id`,`content`,`is_true` FROM `kh_answer` WHERE `question_id` = 25  [ RunTime:0.0569s ]
SQL: SELECT `knowledge_id` FROM `kh_question_know` WHERE `question_id` = 25  [ RunTime:0.0386s ]
SQL: SELECT `name` FROM `kh_knowledge` WHERE `id` = 1 LIMIT 1   [ RunTime:0.0395s ]

[ 2017-12-12T16:07:52+08:00 ] 10.0.7.44 /Student/TestRecord/getDetails.html?testpaper_id=1&type=all&requestPage=2
INFO: [ app_begin ] --START--
INFO: Run Behavior\ReadHtmlCacheBehavior [ RunTime:0.000283s ]
INFO: [ app_begin ] --END-- [ RunTime:0.000502s ]
SQL: SHOW COLUMNS FROM `kh_test_final` [ RunTime:0.0490s ]
SQL: SHOW COLUMNS FROM `kh_testpaper` [ RunTime:0.0490s ]
SQL: SELECT `name`,`full_score`,`pass_score`,`type_id`,kh_paper_courserclass.create_by FROM `kh_testpaper` INNER JOIN kh_paper_courserclass ON kh_paper_courserclass.testpaper_id = kh_testpaper.id  WHERE `id` = '1'  [ RunTime:0.0424s ]
SQL: SHOW COLUMNS FROM `kh_dict` [ RunTime:0.0513s ]
SQL: SELECT `label` FROM `kh_dict` WHERE `type` = 'testType' AND `value` = '1' LIMIT 1   [ RunTime:0.0543s ]
SQL: SHOW COLUMNS FROM `kh_score` [ RunTime:0.0484s ]
SQL: SELECT `score` FROM `kh_score` WHERE `account` = 2015081149 AND `testpaper_id` = 1 LIMIT 1   [ RunTime:0.0490s ]
SQL: SHOW COLUMNS FROM `kh_student` [ RunTime:0.0648s ]
SQL: SELECT `id` FROM `kh_student` WHERE `account` = '2015081149' LIMIT 1   [ RunTime:0.0551s ]
SQL: SELECT COUNT(*) AS tp_count FROM `kh_test_final` WHERE `testpaper_id` = 1 AND `student_id` = 1 LIMIT 1   [ RunTime:0.0600s ]
SQL: SELECT `question_id`,`answer_id`,`is_true` FROM `kh_test_final` WHERE `testpaper_id` = 1 AND `student_id` = 1 LIMIT 4,4   [ RunTime:0.0625s ]

[ 2017-12-12T16:08:00+08:00 ] 10.0.7.44 /Student/TestRecord/getDetails.html?testpaper_id=1&type=all&requestPage=1
INFO: [ app_begin ] --START--
INFO: Run Behavior\ReadHtmlCacheBehavior [ RunTime:0.000277s ]
INFO: [ app_begin ] --END-- [ RunTime:0.000528s ]
SQL: SHOW COLUMNS FROM `kh_test_final` [ RunTime:0.0487s ]
SQL: SHOW COLUMNS FROM `kh_testpaper` [ RunTime:0.0550s ]
SQL: SELECT `name`,`full_score`,`pass_score`,`type_id`,kh_paper_courserclass.create_by FROM `kh_testpaper` INNER JOIN kh_paper_courserclass ON kh_paper_courserclass.testpaper_id = kh_testpaper.id  WHERE `id` = '1'  [ RunTime:0.0632s ]
SQL: SHOW COLUMNS FROM `kh_dict` [ RunTime:0.0554s ]
SQL: SELECT `label` FROM `kh_dict` WHERE `type` = 'testType' AND `value` = '1' LIMIT 1   [ RunTime:0.0534s ]
SQL: SHOW COLUMNS FROM `kh_score` [ RunTime:0.0516s ]
SQL: SELECT `score` FROM `kh_score` WHERE `account` = 2015081149 AND `testpaper_id` = 1 LIMIT 1   [ RunTime:0.0467s ]
SQL: SHOW COLUMNS FROM `kh_student` [ RunTime:0.0490s ]
SQL: SELECT `id` FROM `kh_student` WHERE `account` = '2015081149' LIMIT 1   [ RunTime:0.0493s ]
SQL: SELECT COUNT(*) AS tp_count FROM `kh_test_final` WHERE `testpaper_id` = 1 AND `student_id` = 1 LIMIT 1   [ RunTime:0.0533s ]
SQL: SELECT `question_id`,`answer_id`,`is_true` FROM `kh_test_final` WHERE `testpaper_id` = 1 AND `student_id` = 1 LIMIT 0,4   [ RunTime:0.0693s ]
SQL: SHOW COLUMNS FROM `kh_question` [ RunTime:0.0627s ]
SQL: SELECT `content` FROM `kh_question` WHERE `id` = 1 LIMIT 1   [ RunTime:0.0600s ]
SQL: SHOW COLUMNS FROM `kh_answer` [ RunTime:0.0629s ]
SQL: SELECT `id`,`content`,`is_true` FROM `kh_answer` WHERE `question_id` = 1  [ RunTime:0.0570s ]
SQL: SHOW COLUMNS FROM `kh_question_know` [ RunTime:0.0467s ]
SQL: SELECT `knowledge_id` FROM `kh_question_know` WHERE `question_id` = 1  [ RunTime:0.0461s ]
SQL: SHOW COLUMNS FROM `kh_knowledge` [ RunTime:0.0486s ]
SQL: SELECT `name` FROM `kh_knowledge` WHERE `id` = 1 LIMIT 1   [ RunTime:0.0401s ]
SQL: SELECT `content` FROM `kh_question` WHERE `id` = 20 LIMIT 1   [ RunTime:0.0524s ]
SQL: SELECT `id`,`content`,`is_true` FROM `kh_answer` WHERE `question_id` = 20  [ RunTime:0.0426s ]
SQL: SELECT `knowledge_id` FROM `kh_question_know` WHERE `question_id` = 20  [ RunTime:0.0609s ]
SQL: SELECT `name` FROM `kh_knowledge` WHERE `id` = 1 LIMIT 1   [ RunTime:0.0475s ]
SQL: SELECT `name` FROM `kh_knowledge` WHERE `id` = 2 LIMIT 1   [ RunTime:0.0440s ]
SQL: SELECT `content` FROM `kh_question` WHERE `id` = 24 LIMIT 1   [ RunTime:0.0617s ]
SQL: SELECT `id`,`content`,`is_true` FROM `kh_answer` WHERE `question_id` = 24  [ RunTime:0.0465s ]
SQL: SELECT `knowledge_id` FROM `kh_question_know` WHERE `question_id` = 24  [ RunTime:0.0459s ]
SQL: SELECT `name` FROM `kh_knowledge` WHERE `id` = 1 LIMIT 1   [ RunTime:0.0490s ]
SQL: SELECT `content` FROM `kh_question` WHERE `id` = 25 LIMIT 1   [ RunTime:0.0494s ]
SQL: SELECT `id`,`content`,`is_true` FROM `kh_answer` WHERE `question_id` = 25  [ RunTime:0.0435s ]
SQL: SELECT `knowledge_id` FROM `kh_question_know` WHERE `question_id` = 25  [ RunTime:0.0527s ]
SQL: SELECT `name` FROM `kh_knowledge` WHERE `id` = 1 LIMIT 1   [ RunTime:0.0531s ]

[ 2017-12-12T16:08:26+08:00 ] 10.0.7.44 /Student/TestRecord/getDetails.html?testpaper_id=1&type=0&requestPage=1
INFO: [ app_begin ] --START--
INFO: Run Behavior\ReadHtmlCacheBehavior [ RunTime:0.000284s ]
INFO: [ app_begin ] --END-- [ RunTime:0.000503s ]
SQL: SHOW COLUMNS FROM `kh_test_final` [ RunTime:0.0645s ]
SQL: SHOW COLUMNS FROM `kh_testpaper` [ RunTime:0.0548s ]
SQL: SELECT `name`,`full_score`,`pass_score`,`type_id`,kh_paper_courserclass.create_by FROM `kh_testpaper` INNER JOIN kh_paper_courserclass ON kh_paper_courserclass.testpaper_id = kh_testpaper.id  WHERE `id` = '1'  [ RunTime:0.0599s ]
SQL: SHOW COLUMNS FROM `kh_dict` [ RunTime:0.0542s ]
SQL: SELECT `label` FROM `kh_dict` WHERE `type` = 'testType' AND `value` = '1' LIMIT 1   [ RunTime:0.0647s ]
SQL: SHOW COLUMNS FROM `kh_score` [ RunTime:0.0542s ]
SQL: SELECT `score` FROM `kh_score` WHERE `account` = 2015081149 AND `testpaper_id` = 1 LIMIT 1   [ RunTime:0.0419s ]
SQL: SHOW COLUMNS FROM `kh_student` [ RunTime:0.0496s ]
SQL: SELECT `id` FROM `kh_student` WHERE `account` = '2015081149' LIMIT 1   [ RunTime:0.0475s ]
SQL: SELECT COUNT(*) AS tp_count FROM `kh_test_final` WHERE `testpaper_id` = 1 AND `student_id` = 1 AND `is_true` = 0 LIMIT 1   [ RunTime:0.0473s ]
SQL: SELECT `question_id`,`answer_id`,`is_true` FROM `kh_test_final` WHERE `testpaper_id` = 1 AND `student_id` = 1 AND `is_true` = 0 LIMIT 0,4   [ RunTime:0.0578s ]
SQL: SHOW COLUMNS FROM `kh_question` [ RunTime:0.0603s ]
SQL: SELECT `content` FROM `kh_question` WHERE `id` = 1 LIMIT 1   [ RunTime:0.0672s ]
SQL: SHOW COLUMNS FROM `kh_answer` [ RunTime:0.0632s ]
SQL: SELECT `id`,`content`,`is_true` FROM `kh_answer` WHERE `question_id` = 1  [ RunTime:0.0684s ]
SQL: SHOW COLUMNS FROM `kh_question_know` [ RunTime:0.0544s ]
SQL: SELECT `knowledge_id` FROM `kh_question_know` WHERE `question_id` = 1  [ RunTime:0.0503s ]
SQL: SHOW COLUMNS FROM `kh_knowledge` [ RunTime:0.0489s ]
SQL: SELECT `name` FROM `kh_knowledge` WHERE `id` = 1 LIMIT 1   [ RunTime:0.0414s ]
SQL: SELECT `content` FROM `kh_question` WHERE `id` = 24 LIMIT 1   [ RunTime:0.0467s ]
SQL: SELECT `id`,`content`,`is_true` FROM `kh_answer` WHERE `question_id` = 24  [ RunTime:0.0478s ]
SQL: SELECT `knowledge_id` FROM `kh_question_know` WHERE `question_id` = 24  [ RunTime:0.0467s ]
SQL: SELECT `name` FROM `kh_knowledge` WHERE `id` = 1 LIMIT 1   [ RunTime:0.0440s ]
SQL: SELECT `content` FROM `kh_question` WHERE `id` = 25 LIMIT 1   [ RunTime:0.0522s ]
SQL: SELECT `id`,`content`,`is_true` FROM `kh_answer` WHERE `question_id` = 25  [ RunTime:0.0520s ]
SQL: SELECT `knowledge_id` FROM `kh_question_know` WHERE `question_id` = 25  [ RunTime:0.0477s ]
SQL: SELECT `name` FROM `kh_knowledge` WHERE `id` = 1 LIMIT 1   [ RunTime:0.0463s ]

[ 2017-12-12T16:08:32+08:00 ] 10.0.7.44 /Student/TestRecord/getDetails.html?testpaper_id=1&type=0&requestPage=1
INFO: [ app_begin ] --START--
INFO: Run Behavior\ReadHtmlCacheBehavior [ RunTime:0.000282s ]
INFO: [ app_begin ] --END-- [ RunTime:0.000500s ]
SQL: SHOW COLUMNS FROM `kh_test_final` [ RunTime:0.0584s ]
SQL: SHOW COLUMNS FROM `kh_testpaper` [ RunTime:0.0564s ]
SQL: SELECT `name`,`full_score`,`pass_score`,`type_id`,kh_paper_courserclass.create_by FROM `kh_testpaper` INNER JOIN kh_paper_courserclass ON kh_paper_courserclass.testpaper_id = kh_testpaper.id  WHERE `id` = '1'  [ RunTime:0.0497s ]
SQL: SHOW COLUMNS FROM `kh_dict` [ RunTime:0.0566s ]
SQL: SELECT `label` FROM `kh_dict` WHERE `type` = 'testType' AND `value` = '1' LIMIT 1   [ RunTime:0.0447s ]
SQL: SHOW COLUMNS FROM `kh_score` [ RunTime:0.0554s ]
SQL: SELECT `score` FROM `kh_score` WHERE `account` = 2015081149 AND `testpaper_id` = 1 LIMIT 1   [ RunTime:0.0468s ]
SQL: SHOW COLUMNS FROM `kh_student` [ RunTime:0.0483s ]
SQL: SELECT `id` FROM `kh_student` WHERE `account` = '2015081149' LIMIT 1   [ RunTime:0.0440s ]
SQL: SELECT COUNT(*) AS tp_count FROM `kh_test_final` WHERE `testpaper_id` = 1 AND `student_id` = 1 AND `is_true` = 0 LIMIT 1   [ RunTime:0.0499s ]
SQL: SELECT `question_id`,`answer_id`,`is_true` FROM `kh_test_final` WHERE `testpaper_id` = 1 AND `student_id` = 1 AND `is_true` = 0 LIMIT 0,4   [ RunTime:0.0571s ]
SQL: SHOW COLUMNS FROM `kh_question` [ RunTime:0.0561s ]
SQL: SELECT `content` FROM `kh_question` WHERE `id` = 1 LIMIT 1   [ RunTime:0.0449s ]
SQL: SHOW COLUMNS FROM `kh_answer` [ RunTime:0.0504s ]
SQL: SELECT `id`,`content`,`is_true` FROM `kh_answer` WHERE `question_id` = 1  [ RunTime:0.0468s ]
SQL: SHOW COLUMNS FROM `kh_question_know` [ RunTime:0.0475s ]
SQL: SELECT `knowledge_id` FROM `kh_question_know` WHERE `question_id` = 1  [ RunTime:0.0483s ]
SQL: SHOW COLUMNS FROM `kh_knowledge` [ RunTime:0.0509s ]
SQL: SELECT `name` FROM `kh_knowledge` WHERE `id` = 1 LIMIT 1   [ RunTime:0.0481s ]
SQL: SELECT `content` FROM `kh_question` WHERE `id` = 24 LIMIT 1   [ RunTime:0.0447s ]
SQL: SELECT `id`,`content`,`is_true` FROM `kh_answer` WHERE `question_id` = 24  [ RunTime:0.0465s ]
SQL: SELECT `knowledge_id` FROM `kh_question_know` WHERE `question_id` = 24  [ RunTime:0.0524s ]
SQL: SELECT `name` FROM `kh_knowledge` WHERE `id` = 1 LIMIT 1   [ RunTime:0.0494s ]
SQL: SELECT `content` FROM `kh_question` WHERE `id` = 25 LIMIT 1   [ RunTime:0.0482s ]
SQL: SELECT `id`,`content`,`is_true` FROM `kh_answer` WHERE `question_id` = 25  [ RunTime:0.0538s ]
SQL: SELECT `knowledge_id` FROM `kh_question_know` WHERE `question_id` = 25  [ RunTime:0.0487s ]
SQL: SELECT `name` FROM `kh_knowledge` WHERE `id` = 1 LIMIT 1   [ RunTime:0.0538s ]

[ 2017-12-12T16:08:36+08:00 ] 10.0.7.44 /Student/TestRecord/getDetails.html?testpaper_id=1&type=1&requestPage=1
INFO: [ app_begin ] --START--
INFO: Run Behavior\ReadHtmlCacheBehavior [ RunTime:0.000293s ]
INFO: [ app_begin ] --END-- [ RunTime:0.000615s ]
SQL: SHOW COLUMNS FROM `kh_test_final` [ RunTime:0.0534s ]
SQL: SHOW COLUMNS FROM `kh_testpaper` [ RunTime:0.0624s ]
SQL: SELECT `name`,`full_score`,`pass_score`,`type_id`,kh_paper_courserclass.create_by FROM `kh_testpaper` INNER JOIN kh_paper_courserclass ON kh_paper_courserclass.testpaper_id = kh_testpaper.id  WHERE `id` = '1'  [ RunTime:0.0635s ]
SQL: SHOW COLUMNS FROM `kh_dict` [ RunTime:0.0628s ]
SQL: SELECT `label` FROM `kh_dict` WHERE `type` = 'testType' AND `value` = '1' LIMIT 1   [ RunTime:0.0621s ]
SQL: SHOW COLUMNS FROM `kh_score` [ RunTime:0.0670s ]
SQL: SELECT `score` FROM `kh_score` WHERE `account` = 2015081149 AND `testpaper_id` = 1 LIMIT 1   [ RunTime:0.0627s ]
SQL: SHOW COLUMNS FROM `kh_student` [ RunTime:0.0637s ]
SQL: SELECT `id` FROM `kh_student` WHERE `account` = '2015081149' LIMIT 1   [ RunTime:0.0612s ]
SQL: SELECT COUNT(*) AS tp_count FROM `kh_test_final` WHERE `testpaper_id` = 1 AND `student_id` = 1 AND `is_true` = 1 LIMIT 1   [ RunTime:0.0623s ]
SQL: SELECT `question_id`,`answer_id`,`is_true` FROM `kh_test_final` WHERE `testpaper_id` = 1 AND `student_id` = 1 AND `is_true` = 1 LIMIT 0,4   [ RunTime:0.0657s ]
SQL: SHOW COLUMNS FROM `kh_question` [ RunTime:0.0554s ]
SQL: SELECT `content` FROM `kh_question` WHERE `id` = 20 LIMIT 1   [ RunTime:0.0583s ]
SQL: SHOW COLUMNS FROM `kh_answer` [ RunTime:0.0603s ]
SQL: SELECT `id`,`content`,`is_true` FROM `kh_answer` WHERE `question_id` = 20  [ RunTime:0.0571s ]
SQL: SHOW COLUMNS FROM `kh_question_know` [ RunTime:0.0660s ]
SQL: SELECT `knowledge_id` FROM `kh_question_know` WHERE `question_id` = 20  [ RunTime:0.0633s ]
SQL: SHOW COLUMNS FROM `kh_knowledge` [ RunTime:0.0619s ]
SQL: SELECT `name` FROM `kh_knowledge` WHERE `id` = 1 LIMIT 1   [ RunTime:0.0630s ]
SQL: SELECT `name` FROM `kh_knowledge` WHERE `id` = 2 LIMIT 1   [ RunTime:0.0649s ]

[ 2017-12-12T16:08:46+08:00 ] 10.0.7.44 /Student/TestRecord/getDetails.html?testpaper_id=1&type=all&requestPage=1
INFO: [ app_begin ] --START--
INFO: Run Behavior\ReadHtmlCacheBehavior [ RunTime:0.000303s ]
INFO: [ app_begin ] --END-- [ RunTime:0.000537s ]
SQL: SHOW COLUMNS FROM `kh_test_final` [ RunTime:0.0531s ]
SQL: SHOW COLUMNS FROM `kh_testpaper` [ RunTime:0.0541s ]
SQL: SELECT `name`,`full_score`,`pass_score`,`type_id`,kh_paper_courserclass.create_by FROM `kh_testpaper` INNER JOIN kh_paper_courserclass ON kh_paper_courserclass.testpaper_id = kh_testpaper.id  WHERE `id` = '1'  [ RunTime:0.0560s ]
SQL: SHOW COLUMNS FROM `kh_dict` [ RunTime:0.0657s ]
SQL: SELECT `label` FROM `kh_dict` WHERE `type` = 'testType' AND `value` = '1' LIMIT 1   [ RunTime:0.0654s ]
SQL: SHOW COLUMNS FROM `kh_score` [ RunTime:0.0544s ]
SQL: SELECT `score` FROM `kh_score` WHERE `account` = 2015081149 AND `testpaper_id` = 1 LIMIT 1   [ RunTime:0.0691s ]
SQL: SHOW COLUMNS FROM `kh_student` [ RunTime:0.0516s ]
SQL: SELECT `id` FROM `kh_student` WHERE `account` = '2015081149' LIMIT 1   [ RunTime:0.0460s ]
SQL: SELECT COUNT(*) AS tp_count FROM `kh_test_final` WHERE `testpaper_id` = 1 AND `student_id` = 1 LIMIT 1   [ RunTime:0.0550s ]
SQL: SELECT `question_id`,`answer_id`,`is_true` FROM `kh_test_final` WHERE `testpaper_id` = 1 AND `student_id` = 1 LIMIT 0,4   [ RunTime:0.0550s ]
SQL: SHOW COLUMNS FROM `kh_question` [ RunTime:0.0527s ]
SQL: SELECT `content` FROM `kh_question` WHERE `id` = 1 LIMIT 1   [ RunTime:0.0474s ]
SQL: SHOW COLUMNS FROM `kh_answer` [ RunTime:0.0517s ]
SQL: SELECT `id`,`content`,`is_true` FROM `kh_answer` WHERE `question_id` = 1  [ RunTime:0.0616s ]
SQL: SHOW COLUMNS FROM `kh_question_know` [ RunTime:0.0473s ]
SQL: SELECT `knowledge_id` FROM `kh_question_know` WHERE `question_id` = 1  [ RunTime:0.0485s ]
SQL: SHOW COLUMNS FROM `kh_knowledge` [ RunTime:0.0469s ]
SQL: SELECT `name` FROM `kh_knowledge` WHERE `id` = 1 LIMIT 1   [ RunTime:0.0512s ]
SQL: SELECT `content` FROM `kh_question` WHERE `id` = 20 LIMIT 1   [ RunTime:0.0491s ]
SQL: SELECT `id`,`content`,`is_true` FROM `kh_answer` WHERE `question_id` = 20  [ RunTime:0.0618s ]
SQL: SELECT `knowledge_id` FROM `kh_question_know` WHERE `question_id` = 20  [ RunTime:0.0480s ]
SQL: SELECT `name` FROM `kh_knowledge` WHERE `id` = 1 LIMIT 1   [ RunTime:0.0474s ]
SQL: SELECT `name` FROM `kh_knowledge` WHERE `id` = 2 LIMIT 1   [ RunTime:0.0470s ]
SQL: SELECT `content` FROM `kh_question` WHERE `id` = 24 LIMIT 1   [ RunTime:0.0505s ]
SQL: SELECT `id`,`content`,`is_true` FROM `kh_answer` WHERE `question_id` = 24  [ RunTime:0.0474s ]
SQL: SELECT `knowledge_id` FROM `kh_question_know` WHERE `question_id` = 24  [ RunTime:0.0560s ]
SQL: SELECT `name` FROM `kh_knowledge` WHERE `id` = 1 LIMIT 1   [ RunTime:0.0575s ]
SQL: SELECT `content` FROM `kh_question` WHERE `id` = 25 LIMIT 1   [ RunTime:0.0658s ]
SQL: SELECT `id`,`content`,`is_true` FROM `kh_answer` WHERE `question_id` = 25  [ RunTime:0.0690s ]
SQL: SELECT `knowledge_id` FROM `kh_question_know` WHERE `question_id` = 25  [ RunTime:0.0564s ]
SQL: SELECT `name` FROM `kh_knowledge` WHERE `id` = 1 LIMIT 1   [ RunTime:0.0567s ]

[ 2017-12-12T16:08:50+08:00 ] 10.0.7.44 /Student/TestPaper/paperList.html
INFO: [ app_begin ] --START--
INFO: Run Behavior\ReadHtmlCacheBehavior [ RunTime:0.000285s ]
INFO: [ app_begin ] --END-- [ RunTime:0.000514s ]
SQL: SHOW COLUMNS FROM `kh_class_student` [ RunTime:0.0393s ]
SQL: SELECT `courseclass_id` FROM `kh_class_student` WHERE `account` = '2015081149'  [ RunTime:0.0393s ]
SQL: SHOW COLUMNS FROM `kh_paper_courserclass` [ RunTime:0.0425s ]
SQL: SELECT `testpaper_id`,`courserclass_id`,t1.start_time,t1.end_time,kh_courseclass.name as courseclassName FROM kh_paper_courserclass as t1 INNER JOIN kh_courseclass ON kh_courseclass.id = courserclass_id  WHERE `courserclass_id` IN ('1')  [ RunTime:0.0451s ]
SQL: SHOW COLUMNS FROM `kh_score` [ RunTime:0.0465s ]
SQL: SELECT `testpaper_id` FROM `kh_score` WHERE `account` = 2015081149  [ RunTime:0.0555s ]

[ 2017-12-12T16:08:50+08:00 ] 10.0.7.44 /Student/TestRecord/getRecord.html?type=&requestPage=1
INFO: [ app_begin ] --START--
INFO: Run Behavior\ReadHtmlCacheBehavior [ RunTime:0.000316s ]
INFO: [ app_begin ] --END-- [ RunTime:0.000613s ]
SQL: SHOW COLUMNS FROM `kh_paper_courserclass` [ RunTime:0.0660s ]
SQL: SELECT testpaper_id,end_time FROM `kh_paper_courserclass` INNER JOIN kh_class_student ON kh_class_student.courseclass_id= kh_paper_courserclass.courserclass_id  WHERE `account` = '2015081149'  [ RunTime:0.0535s ]
SQL: SELECT `testpaper_id`,`start_time`,kh_testpaper.name,kh_testpaper.pass_score,kh_testpaper.full_score,kh_paper_courserclass.create_by FROM `kh_paper_courserclass` INNER JOIN kh_testpaper ON kh_testpaper.id = kh_paper_courserclass.testpaper_id  WHERE `testpaper_id` = '1'  [ RunTime:0.0679s ]

[ 2017-12-12T16:09:02+08:00 ] 10.0.7.44 /Student/TestPaper/paperList.html
INFO: [ app_begin ] --START--
INFO: Run Behavior\ReadHtmlCacheBehavior [ RunTime:0.000434s ]
INFO: [ app_begin ] --END-- [ RunTime:0.000674s ]
SQL: SHOW COLUMNS FROM `kh_class_student` [ RunTime:0.0631s ]
SQL: SELECT `courseclass_id` FROM `kh_class_student` WHERE `account` = '2015081149'  [ RunTime:0.0675s ]
SQL: SHOW COLUMNS FROM `kh_paper_courserclass` [ RunTime:0.0454s ]
SQL: SELECT `testpaper_id`,`courserclass_id`,t1.start_time,t1.end_time,kh_courseclass.name as courseclassName FROM kh_paper_courserclass as t1 INNER JOIN kh_courseclass ON kh_courseclass.id = courserclass_id  WHERE `courserclass_id` IN ('1')  [ RunTime:0.0487s ]
SQL: SHOW COLUMNS FROM `kh_score` [ RunTime:0.0661s ]
SQL: SELECT `testpaper_id` FROM `kh_score` WHERE `account` = 2015081149  [ RunTime:0.0564s ]

[ 2017-12-12T16:09:02+08:00 ] 10.0.7.44 /Student/TestRecord/getRecord.html?type=&requestPage=1
INFO: [ app_begin ] --START--
INFO: Run Behavior\ReadHtmlCacheBehavior [ RunTime:0.000333s ]
INFO: [ app_begin ] --END-- [ RunTime:0.000755s ]
SQL: SHOW COLUMNS FROM `kh_paper_courserclass` [ RunTime:0.0375s ]
SQL: SELECT testpaper_id,end_time FROM `kh_paper_courserclass` INNER JOIN kh_class_student ON kh_class_student.courseclass_id= kh_paper_courserclass.courserclass_id  WHERE `account` = '2015081149'  [ RunTime:0.0468s ]
SQL: SELECT `testpaper_id`,`start_time`,kh_testpaper.name,kh_testpaper.pass_score,kh_testpaper.full_score,kh_paper_courserclass.create_by FROM `kh_paper_courserclass` INNER JOIN kh_testpaper ON kh_testpaper.id = kh_paper_courserclass.testpaper_id  WHERE `testpaper_id` = '1'  [ RunTime:0.0600s ]

[ 2017-12-12T16:09:30+08:00 ] 10.0.7.44 /Student/TestPaper/paperList.html
INFO: [ app_begin ] --START--
INFO: Run Behavior\ReadHtmlCacheBehavior [ RunTime:0.000314s ]
INFO: [ app_begin ] --END-- [ RunTime:0.000532s ]
SQL: SHOW COLUMNS FROM `kh_class_student` [ RunTime:0.0406s ]
SQL: SELECT `courseclass_id` FROM `kh_class_student` WHERE `account` = '2015081149'  [ RunTime:0.0418s ]
SQL: SHOW COLUMNS FROM `kh_paper_courserclass` [ RunTime:0.0461s ]
SQL: SELECT `testpaper_id`,`courserclass_id`,t1.start_time,t1.end_time,kh_courseclass.name as courseclassName FROM kh_paper_courserclass as t1 INNER JOIN kh_courseclass ON kh_courseclass.id = courserclass_id  WHERE `courserclass_id` IN ('1')  [ RunTime:0.0558s ]
SQL: SHOW COLUMNS FROM `kh_score` [ RunTime:0.0524s ]
SQL: SELECT `testpaper_id` FROM `kh_score` WHERE `account` = 2015081149  [ RunTime:0.0412s ]

[ 2017-12-12T16:09:30+08:00 ] 10.0.7.44 /Student/TestRecord/getRecord.html?type=&requestPage=1
INFO: [ app_begin ] --START--
INFO: Run Behavior\ReadHtmlCacheBehavior [ RunTime:0.000439s ]
INFO: [ app_begin ] --END-- [ RunTime:0.000705s ]
SQL: SHOW COLUMNS FROM `kh_paper_courserclass` [ RunTime:0.0418s ]
SQL: SELECT testpaper_id,end_time FROM `kh_paper_courserclass` INNER JOIN kh_class_student ON kh_class_student.courseclass_id= kh_paper_courserclass.courserclass_id  WHERE `account` = '2015081149'  [ RunTime:0.0566s ]
SQL: SELECT `testpaper_id`,`start_time`,kh_testpaper.name,kh_testpaper.pass_score,kh_testpaper.full_score,kh_paper_courserclass.create_by FROM `kh_paper_courserclass` INNER JOIN kh_testpaper ON kh_testpaper.id = kh_paper_courserclass.testpaper_id  WHERE `testpaper_id` = '1'  [ RunTime:0.0416s ]

[ 2017-12-12T16:09:38+08:00 ] 10.0.7.44 /Student/TestRecord/getRecord.html?type=&requestPage=1
INFO: [ app_begin ] --START--
INFO: Run Behavior\ReadHtmlCacheBehavior [ RunTime:0.000315s ]
INFO: [ app_begin ] --END-- [ RunTime:0.000579s ]
SQL: SHOW COLUMNS FROM `kh_paper_courserclass` [ RunTime:0.0380s ]
SQL: SELECT testpaper_id,end_time FROM `kh_paper_courserclass` INNER JOIN kh_class_student ON kh_class_student.courseclass_id= kh_paper_courserclass.courserclass_id  WHERE `account` = '2015081149'  [ RunTime:0.0372s ]
SQL: SELECT `testpaper_id`,`start_time`,kh_testpaper.name,kh_testpaper.pass_score,kh_testpaper.full_score,kh_paper_courserclass.create_by FROM `kh_paper_courserclass` INNER JOIN kh_testpaper ON kh_testpaper.id = kh_paper_courserclass.testpaper_id  WHERE `testpaper_id` = '1'  [ RunTime:0.0368s ]

[ 2017-12-12T16:09:38+08:00 ] 10.0.7.44 /Student/TestPaper/paperList.html
INFO: [ app_begin ] --START--
INFO: Run Behavior\ReadHtmlCacheBehavior [ RunTime:0.000293s ]
INFO: [ app_begin ] --END-- [ RunTime:0.000519s ]
SQL: SHOW COLUMNS FROM `kh_class_student` [ RunTime:0.0439s ]
SQL: SELECT `courseclass_id` FROM `kh_class_student` WHERE `account` = '2015081149'  [ RunTime:0.0378s ]
SQL: SHOW COLUMNS FROM `kh_paper_courserclass` [ RunTime:0.0480s ]
SQL: SELECT `testpaper_id`,`courserclass_id`,t1.start_time,t1.end_time,kh_courseclass.name as courseclassName FROM kh_paper_courserclass as t1 INNER JOIN kh_courseclass ON kh_courseclass.id = courserclass_id  WHERE `courserclass_id` IN ('1')  [ RunTime:0.0612s ]
SQL: SHOW COLUMNS FROM `kh_score` [ RunTime:0.0393s ]
SQL: SELECT `testpaper_id` FROM `kh_score` WHERE `account` = 2015081149  [ RunTime:0.0422s ]

[ 2017-12-12T16:09:50+08:00 ] 10.0.7.44 /Student/TestRecord/getRecord.html?type=&requestPage=1
INFO: [ app_begin ] --START--
INFO: Run Behavior\ReadHtmlCacheBehavior [ RunTime:0.000304s ]
INFO: [ app_begin ] --END-- [ RunTime:0.000608s ]
SQL: SHOW COLUMNS FROM `kh_paper_courserclass` [ RunTime:0.0427s ]
SQL: SELECT testpaper_id,end_time FROM `kh_paper_courserclass` INNER JOIN kh_class_student ON kh_class_student.courseclass_id= kh_paper_courserclass.courserclass_id  WHERE `account` = '2015081149'  [ RunTime:0.3074s ]
SQL: SELECT `testpaper_id`,`start_time`,kh_testpaper.name,kh_testpaper.pass_score,kh_testpaper.full_score,kh_paper_courserclass.create_by FROM `kh_paper_courserclass` INNER JOIN kh_testpaper ON kh_testpaper.id = kh_paper_courserclass.testpaper_id  WHERE `testpaper_id` = '1'  [ RunTime:0.0579s ]

[ 2017-12-12T16:09:50+08:00 ] 10.0.7.44 /Student/TestPaper/paperList.html
INFO: [ app_begin ] --START--
INFO: Run Behavior\ReadHtmlCacheBehavior [ RunTime:0.000272s ]
INFO: [ app_begin ] --END-- [ RunTime:0.000488s ]
SQL: SHOW COLUMNS FROM `kh_class_student` [ RunTime:0.0472s ]
SQL: SELECT `courseclass_id` FROM `kh_class_student` WHERE `account` = '2015081149'  [ RunTime:0.0622s ]
SQL: SHOW COLUMNS FROM `kh_paper_courserclass` [ RunTime:0.0504s ]
SQL: SELECT `testpaper_id`,`courserclass_id`,t1.start_time,t1.end_time,kh_courseclass.name as courseclassName FROM kh_paper_courserclass as t1 INNER JOIN kh_courseclass ON kh_courseclass.id = courserclass_id  WHERE `courserclass_id` IN ('1')  [ RunTime:0.0398s ]
SQL: SHOW COLUMNS FROM `kh_score` [ RunTime:0.0386s ]
SQL: SELECT `testpaper_id` FROM `kh_score` WHERE `account` = 2015081149  [ RunTime:0.0376s ]

