[ 2017-12-22T10:31:51+08:00 ] 127.0.0.1 /student/StudentMgr
ERR: 无法加载控制器:StudentMgr

[ 2017-12-22T10:40:42+08:00 ] 127.0.0.1 /Student/LoginMgr/checklogin.html
INFO: [ app_begin ] --START--
INFO: Run Behavior\ReadHtmlCacheBehavior [ RunTime:0.000284s ]
INFO: [ app_begin ] --END-- [ RunTime:0.000508s ]
SQL: SHOW COLUMNS FROM `kh_student` [ RunTime:0.0411s ]
SQL: SELECT * FROM `kh_student` WHERE `account` = 'taolei' AND `password` = '16616584cf661ecdbea7fcdb537f64b3' AND `del_flag` = 1 LIMIT 1   [ RunTime:0.0403s ]
SQL: SELECT * FROM `kh_student` WHERE `account` = 'taolei' AND `password` = '2014081041' LIMIT 1   [ RunTime:0.0407s ]
NOTIC: [8] Undefined variable: id F:\xampp\htdocs\cuit_check\Application\Student\Controller\LoginMgrController.class.php 第 28 行.

[ 2017-12-22T10:42:08+08:00 ] 127.0.0.1 /Student/LoginMgr/checklogin.html
INFO: [ app_begin ] --START--
INFO: Run Behavior\ReadHtmlCacheBehavior [ RunTime:0.000274s ]
INFO: [ app_begin ] --END-- [ RunTime:0.000488s ]
SQL: SHOW COLUMNS FROM `kh_student` [ RunTime:0.0689s ]
SQL: SELECT * FROM `kh_student` WHERE `account` = '2015081149' AND `password` = '5efd5718831cc43087a789cf7b86a36b' AND `del_flag` = 1 LIMIT 1   [ RunTime:0.0745s ]
SQL: SELECT * FROM `kh_student` WHERE `account` = '2015081149' AND `password` = '6aa471cb63531e429bfcd8b336585075' LIMIT 1   [ RunTime:0.0648s ]
NOTIC: [8] Undefined variable: id F:\xampp\htdocs\cuit_check\Application\Student\Controller\LoginMgrController.class.php 第 28 行.
NOTIC: [8] Use of undefined constant success - assumed 'success' F:\xampp\htdocs\cuit_check\Application\Student\Controller\LoginMgrController.class.php 第 52 行.

[ 2017-12-22T10:42:11+08:00 ] 127.0.0.1 /Student/TestRecord/getRecord.html?type=&requestPage=1
INFO: [ app_begin ] --START--
INFO: Run Behavior\ReadHtmlCacheBehavior [ RunTime:0.000491s ]
INFO: [ app_begin ] --END-- [ RunTime:0.000785s ]
SQL: SHOW COLUMNS FROM `kh_paper_courserclass` [ RunTime:0.0447s ]
SQL: SELECT testpaper_id,end_time FROM `kh_paper_courserclass` INNER JOIN kh_class_student ON kh_class_student.courseclass_id= kh_paper_courserclass.courserclass_id  WHERE `account` = '2015081149'  [ RunTime:0.0398s ]
SQL: SELECT `testpaper_id`,`start_time`,kh_testpaper.name,kh_testpaper.pass_score,kh_testpaper.full_score,kh_paper_courserclass.create_by FROM `kh_paper_courserclass` INNER JOIN kh_testpaper ON kh_testpaper.id = kh_paper_courserclass.testpaper_id  WHERE `testpaper_id` = '1'  [ RunTime:0.0372s ]

[ 2017-12-22T10:42:11+08:00 ] 127.0.0.1 /Student/TestPaper/paperList.html
INFO: [ app_begin ] --START--
INFO: Run Behavior\ReadHtmlCacheBehavior [ RunTime:0.000496s ]
INFO: [ app_begin ] --END-- [ RunTime:0.000826s ]
SQL: SHOW COLUMNS FROM `kh_class_student` [ RunTime:0.0429s ]
SQL: SELECT `courseclass_id` FROM `kh_class_student` WHERE `account` = '2015081149'  [ RunTime:0.0376s ]
SQL: SHOW COLUMNS FROM `kh_paper_courserclass` [ RunTime:0.0370s ]
SQL: SELECT `testpaper_id`,`courserclass_id`,t1.start_time,t1.end_time,kh_courseclass.name as courseclassName FROM kh_paper_courserclass as t1 INNER JOIN kh_courseclass ON kh_courseclass.id = courserclass_id  WHERE `courserclass_id` IN ('1')  [ RunTime:0.0429s ]
SQL: SHOW COLUMNS FROM `kh_score` [ RunTime:0.0363s ]
SQL: SELECT `testpaper_id` FROM `kh_score` WHERE `account` = 2015081149  [ RunTime:0.0344s ]

[ 2017-12-22T10:42:31+08:00 ] 127.0.0.1 /Student/TestPaper/paperList.html
INFO: [ app_begin ] --START--
INFO: Run Behavior\ReadHtmlCacheBehavior [ RunTime:0.000357s ]
INFO: [ app_begin ] --END-- [ RunTime:0.000778s ]
SQL: SHOW COLUMNS FROM `kh_class_student` [ RunTime:0.0586s ]
SQL: SELECT `courseclass_id` FROM `kh_class_student` WHERE `account` = '2015081149'  [ RunTime:0.0605s ]
SQL: SHOW COLUMNS FROM `kh_paper_courserclass` [ RunTime:0.0615s ]
SQL: SELECT `testpaper_id`,`courserclass_id`,t1.start_time,t1.end_time,kh_courseclass.name as courseclassName FROM kh_paper_courserclass as t1 INNER JOIN kh_courseclass ON kh_courseclass.id = courserclass_id  WHERE `courserclass_id` IN ('1')  [ RunTime:0.0399s ]
SQL: SHOW COLUMNS FROM `kh_score` [ RunTime:0.0408s ]
SQL: SELECT `testpaper_id` FROM `kh_score` WHERE `account` = 2015081149  [ RunTime:0.0393s ]

[ 2017-12-22T10:42:31+08:00 ] 127.0.0.1 /Student/TestRecord/getRecord.html?type=&requestPage=1
INFO: [ app_begin ] --START--
INFO: Run Behavior\ReadHtmlCacheBehavior [ RunTime:0.000419s ]
INFO: [ app_begin ] --END-- [ RunTime:0.003593s ]
SQL: SHOW COLUMNS FROM `kh_paper_courserclass` [ RunTime:0.0459s ]
SQL: SELECT testpaper_id,end_time FROM `kh_paper_courserclass` INNER JOIN kh_class_student ON kh_class_student.courseclass_id= kh_paper_courserclass.courserclass_id  WHERE `account` = '2015081149'  [ RunTime:0.0508s ]
SQL: SELECT `testpaper_id`,`start_time`,kh_testpaper.name,kh_testpaper.pass_score,kh_testpaper.full_score,kh_paper_courserclass.create_by FROM `kh_paper_courserclass` INNER JOIN kh_testpaper ON kh_testpaper.id = kh_paper_courserclass.testpaper_id  WHERE `testpaper_id` = '1'  [ RunTime:0.0483s ]

[ 2017-12-22T10:43:02+08:00 ] 127.0.0.1 /Student/TestRecord/getDetails.html?testpaper_id=1&type=all&requestPage=1
INFO: [ app_begin ] --START--
INFO: Run Behavior\ReadHtmlCacheBehavior [ RunTime:0.000306s ]
INFO: [ app_begin ] --END-- [ RunTime:0.000572s ]
SQL: SHOW COLUMNS FROM `kh_test_final` [ RunTime:0.0519s ]
SQL: SHOW COLUMNS FROM `kh_testpaper` [ RunTime:0.0610s ]
SQL: SELECT `name`,`full_score`,`pass_score`,`type_id`,kh_paper_courserclass.create_by FROM `kh_testpaper` INNER JOIN kh_paper_courserclass ON kh_paper_courserclass.testpaper_id = kh_testpaper.id  WHERE `id` = '1'  [ RunTime:0.0523s ]
SQL: SHOW COLUMNS FROM `kh_dict` [ RunTime:0.0530s ]
SQL: SELECT `label` FROM `kh_dict` WHERE `type` = 'testType' AND `value` = '1' LIMIT 1   [ RunTime:0.0549s ]
SQL: SHOW COLUMNS FROM `kh_score` [ RunTime:0.0568s ]
SQL: SELECT `score` FROM `kh_score` WHERE `account` = 2015081149 AND `testpaper_id` = 1 LIMIT 1   [ RunTime:0.0689s ]
SQL: SHOW COLUMNS FROM `kh_student` [ RunTime:0.0562s ]
SQL: SELECT `id` FROM `kh_student` WHERE `account` = '2015081149' LIMIT 1   [ RunTime:0.0524s ]
SQL: SELECT COUNT(*) AS tp_count FROM `kh_test_final` WHERE `testpaper_id` = 1 AND `student_id` = 1 LIMIT 1   [ RunTime:0.0520s ]
SQL: SELECT `question_id`,`answer_id`,`is_true` FROM `kh_test_final` WHERE `testpaper_id` = 1 AND `student_id` = 1 LIMIT 0,4   [ RunTime:0.0547s ]
SQL: SHOW COLUMNS FROM `kh_question` [ RunTime:0.0548s ]
SQL: SELECT `content` FROM `kh_question` WHERE `id` = 1 LIMIT 1   [ RunTime:0.0457s ]
SQL: SHOW COLUMNS FROM `kh_answer` [ RunTime:0.0408s ]
SQL: SELECT `id`,`content`,`is_true` FROM `kh_answer` WHERE `question_id` = 1  [ RunTime:0.0437s ]
SQL: SHOW COLUMNS FROM `kh_question_know` [ RunTime:0.0555s ]
SQL: SELECT `knowledge_id` FROM `kh_question_know` WHERE `question_id` = 1  [ RunTime:0.0716s ]
SQL: SHOW COLUMNS FROM `kh_knowledge` [ RunTime:0.0661s ]
SQL: SELECT `name` FROM `kh_knowledge` WHERE `id` = 1 LIMIT 1   [ RunTime:0.0627s ]
SQL: SELECT `content` FROM `kh_question` WHERE `id` = 20 LIMIT 1   [ RunTime:0.0522s ]
SQL: SELECT `id`,`content`,`is_true` FROM `kh_answer` WHERE `question_id` = 20  [ RunTime:0.0592s ]
SQL: SELECT `knowledge_id` FROM `kh_question_know` WHERE `question_id` = 20  [ RunTime:0.0555s ]
SQL: SELECT `name` FROM `kh_knowledge` WHERE `id` = 1 LIMIT 1   [ RunTime:0.0527s ]
SQL: SELECT `name` FROM `kh_knowledge` WHERE `id` = 2 LIMIT 1   [ RunTime:0.0476s ]
SQL: SELECT `content` FROM `kh_question` WHERE `id` = 24 LIMIT 1   [ RunTime:0.0611s ]
SQL: SELECT `id`,`content`,`is_true` FROM `kh_answer` WHERE `question_id` = 24  [ RunTime:0.0661s ]
SQL: SELECT `knowledge_id` FROM `kh_question_know` WHERE `question_id` = 24  [ RunTime:0.0655s ]
SQL: SELECT `name` FROM `kh_knowledge` WHERE `id` = 1 LIMIT 1   [ RunTime:0.0677s ]
SQL: SELECT `content` FROM `kh_question` WHERE `id` = 25 LIMIT 1   [ RunTime:0.0625s ]
SQL: SELECT `id`,`content`,`is_true` FROM `kh_answer` WHERE `question_id` = 25  [ RunTime:0.0677s ]
SQL: SELECT `knowledge_id` FROM `kh_question_know` WHERE `question_id` = 25  [ RunTime:0.0617s ]
SQL: SELECT `name` FROM `kh_knowledge` WHERE `id` = 1 LIMIT 1   [ RunTime:0.0647s ]

[ 2017-12-22T10:43:03+08:00 ] 127.0.0.1 /Student/TestRecord/getRecord.html?type=&requestPage=1
INFO: [ app_begin ] --START--
INFO: Run Behavior\ReadHtmlCacheBehavior [ RunTime:0.000843s ]
INFO: [ app_begin ] --END-- [ RunTime:0.002067s ]
SQL: SHOW COLUMNS FROM `kh_paper_courserclass` [ RunTime:0.0480s ]
SQL: SELECT testpaper_id,end_time FROM `kh_paper_courserclass` INNER JOIN kh_class_student ON kh_class_student.courseclass_id= kh_paper_courserclass.courserclass_id  WHERE `account` = '2015081149'  [ RunTime:0.0452s ]
SQL: SELECT `testpaper_id`,`start_time`,kh_testpaper.name,kh_testpaper.pass_score,kh_testpaper.full_score,kh_paper_courserclass.create_by FROM `kh_paper_courserclass` INNER JOIN kh_testpaper ON kh_testpaper.id = kh_paper_courserclass.testpaper_id  WHERE `testpaper_id` = '1'  [ RunTime:0.0522s ]

[ 2017-12-22T10:43:04+08:00 ] 127.0.0.1 /Student/TestPaper/paperList.html
INFO: [ app_begin ] --START--
INFO: Run Behavior\ReadHtmlCacheBehavior [ RunTime:0.001013s ]
INFO: [ app_begin ] --END-- [ RunTime:0.002294s ]
SQL: SHOW COLUMNS FROM `kh_class_student` [ RunTime:0.0365s ]
SQL: SELECT `courseclass_id` FROM `kh_class_student` WHERE `account` = '2015081149'  [ RunTime:0.0366s ]
SQL: SHOW COLUMNS FROM `kh_paper_courserclass` [ RunTime:0.0356s ]
SQL: SELECT `testpaper_id`,`courserclass_id`,t1.start_time,t1.end_time,kh_courseclass.name as courseclassName FROM kh_paper_courserclass as t1 INNER JOIN kh_courseclass ON kh_courseclass.id = courserclass_id  WHERE `courserclass_id` IN ('1')  [ RunTime:0.0367s ]
SQL: SHOW COLUMNS FROM `kh_score` [ RunTime:0.0366s ]
SQL: SELECT `testpaper_id` FROM `kh_score` WHERE `account` = 2015081149  [ RunTime:0.0357s ]

[ 2017-12-22T10:43:06+08:00 ] 127.0.0.1 /Student/TestRecord/getDetails.html?testpaper_id=1&type=all&requestPage=1
INFO: [ app_begin ] --START--
INFO: Run Behavior\ReadHtmlCacheBehavior [ RunTime:0.000492s ]
INFO: [ app_begin ] --END-- [ RunTime:0.001124s ]
SQL: SHOW COLUMNS FROM `kh_test_final` [ RunTime:0.0447s ]
SQL: SHOW COLUMNS FROM `kh_testpaper` [ RunTime:0.0418s ]
SQL: SELECT `name`,`full_score`,`pass_score`,`type_id`,kh_paper_courserclass.create_by FROM `kh_testpaper` INNER JOIN kh_paper_courserclass ON kh_paper_courserclass.testpaper_id = kh_testpaper.id  WHERE `id` = '1'  [ RunTime:0.0401s ]
SQL: SHOW COLUMNS FROM `kh_dict` [ RunTime:0.0407s ]
SQL: SELECT `label` FROM `kh_dict` WHERE `type` = 'testType' AND `value` = '1' LIMIT 1   [ RunTime:0.0399s ]
SQL: SHOW COLUMNS FROM `kh_score` [ RunTime:0.0421s ]
SQL: SELECT `score` FROM `kh_score` WHERE `account` = 2015081149 AND `testpaper_id` = 1 LIMIT 1   [ RunTime:0.0437s ]
SQL: SHOW COLUMNS FROM `kh_student` [ RunTime:0.0519s ]
SQL: SELECT `id` FROM `kh_student` WHERE `account` = '2015081149' LIMIT 1   [ RunTime:0.0403s ]
SQL: SELECT COUNT(*) AS tp_count FROM `kh_test_final` WHERE `testpaper_id` = 1 AND `student_id` = 1 LIMIT 1   [ RunTime:0.0423s ]
SQL: SELECT `question_id`,`answer_id`,`is_true` FROM `kh_test_final` WHERE `testpaper_id` = 1 AND `student_id` = 1 LIMIT 0,4   [ RunTime:0.0414s ]
SQL: SHOW COLUMNS FROM `kh_question` [ RunTime:0.0473s ]
SQL: SELECT `content` FROM `kh_question` WHERE `id` = 1 LIMIT 1   [ RunTime:0.0495s ]
SQL: SHOW COLUMNS FROM `kh_answer` [ RunTime:0.0453s ]
SQL: SELECT `id`,`content`,`is_true` FROM `kh_answer` WHERE `question_id` = 1  [ RunTime:0.0418s ]
SQL: SHOW COLUMNS FROM `kh_question_know` [ RunTime:0.0416s ]
SQL: SELECT `knowledge_id` FROM `kh_question_know` WHERE `question_id` = 1  [ RunTime:0.0416s ]
SQL: SHOW COLUMNS FROM `kh_knowledge` [ RunTime:0.0412s ]
SQL: SELECT `name` FROM `kh_knowledge` WHERE `id` = 1 LIMIT 1   [ RunTime:0.0388s ]
SQL: SELECT `content` FROM `kh_question` WHERE `id` = 20 LIMIT 1   [ RunTime:0.0402s ]
SQL: SELECT `id`,`content`,`is_true` FROM `kh_answer` WHERE `question_id` = 20  [ RunTime:0.0403s ]
SQL: SELECT `knowledge_id` FROM `kh_question_know` WHERE `question_id` = 20  [ RunTime:0.0409s ]
SQL: SELECT `name` FROM `kh_knowledge` WHERE `id` = 1 LIMIT 1   [ RunTime:0.0407s ]
SQL: SELECT `name` FROM `kh_knowledge` WHERE `id` = 2 LIMIT 1   [ RunTime:0.0399s ]
SQL: SELECT `content` FROM `kh_question` WHERE `id` = 24 LIMIT 1   [ RunTime:0.0400s ]
SQL: SELECT `id`,`content`,`is_true` FROM `kh_answer` WHERE `question_id` = 24  [ RunTime:0.0437s ]
SQL: SELECT `knowledge_id` FROM `kh_question_know` WHERE `question_id` = 24  [ RunTime:0.0406s ]
SQL: SELECT `name` FROM `kh_knowledge` WHERE `id` = 1 LIMIT 1   [ RunTime:0.0406s ]
SQL: SELECT `content` FROM `kh_question` WHERE `id` = 25 LIMIT 1   [ RunTime:0.0398s ]
SQL: SELECT `id`,`content`,`is_true` FROM `kh_answer` WHERE `question_id` = 25  [ RunTime:0.0397s ]
SQL: SELECT `knowledge_id` FROM `kh_question_know` WHERE `question_id` = 25  [ RunTime:0.0390s ]
SQL: SELECT `name` FROM `kh_knowledge` WHERE `id` = 1 LIMIT 1   [ RunTime:0.0385s ]

[ 2017-12-22T10:43:12+08:00 ] 127.0.0.1 /Student/TestRecord/getDetails.html?testpaper_id=1&type=all&requestPage=2
INFO: [ app_begin ] --START--
INFO: Run Behavior\ReadHtmlCacheBehavior [ RunTime:0.000690s ]
INFO: [ app_begin ] --END-- [ RunTime:0.001079s ]
SQL: SHOW COLUMNS FROM `kh_test_final` [ RunTime:0.0663s ]
SQL: SHOW COLUMNS FROM `kh_testpaper` [ RunTime:0.0681s ]
SQL: SELECT `name`,`full_score`,`pass_score`,`type_id`,kh_paper_courserclass.create_by FROM `kh_testpaper` INNER JOIN kh_paper_courserclass ON kh_paper_courserclass.testpaper_id = kh_testpaper.id  WHERE `id` = '1'  [ RunTime:0.0681s ]
SQL: SHOW COLUMNS FROM `kh_dict` [ RunTime:0.0599s ]
SQL: SELECT `label` FROM `kh_dict` WHERE `type` = 'testType' AND `value` = '1' LIMIT 1   [ RunTime:0.0601s ]
SQL: SHOW COLUMNS FROM `kh_score` [ RunTime:0.0598s ]
SQL: SELECT `score` FROM `kh_score` WHERE `account` = 2015081149 AND `testpaper_id` = 1 LIMIT 1   [ RunTime:0.0591s ]
SQL: SHOW COLUMNS FROM `kh_student` [ RunTime:0.0646s ]
SQL: SELECT `id` FROM `kh_student` WHERE `account` = '2015081149' LIMIT 1   [ RunTime:0.0685s ]
SQL: SELECT COUNT(*) AS tp_count FROM `kh_test_final` WHERE `testpaper_id` = 1 AND `student_id` = 1 LIMIT 1   [ RunTime:0.0685s ]
SQL: SELECT `question_id`,`answer_id`,`is_true` FROM `kh_test_final` WHERE `testpaper_id` = 1 AND `student_id` = 1 LIMIT 4,4   [ RunTime:0.0542s ]

[ 2017-12-22T10:43:17+08:00 ] 127.0.0.1 /Student/TestRecord/getDetails.html?testpaper_id=1&type=all&requestPage=1
INFO: [ app_begin ] --START--
INFO: Run Behavior\ReadHtmlCacheBehavior [ RunTime:0.000275s ]
INFO: [ app_begin ] --END-- [ RunTime:0.000486s ]
SQL: SHOW COLUMNS FROM `kh_test_final` [ RunTime:0.0463s ]
SQL: SHOW COLUMNS FROM `kh_testpaper` [ RunTime:0.0504s ]
SQL: SELECT `name`,`full_score`,`pass_score`,`type_id`,kh_paper_courserclass.create_by FROM `kh_testpaper` INNER JOIN kh_paper_courserclass ON kh_paper_courserclass.testpaper_id = kh_testpaper.id  WHERE `id` = '1'  [ RunTime:0.0457s ]
SQL: SHOW COLUMNS FROM `kh_dict` [ RunTime:0.0481s ]
SQL: SELECT `label` FROM `kh_dict` WHERE `type` = 'testType' AND `value` = '1' LIMIT 1   [ RunTime:0.0434s ]
SQL: SHOW COLUMNS FROM `kh_score` [ RunTime:0.0463s ]
SQL: SELECT `score` FROM `kh_score` WHERE `account` = 2015081149 AND `testpaper_id` = 1 LIMIT 1   [ RunTime:0.0457s ]
SQL: SHOW COLUMNS FROM `kh_student` [ RunTime:0.0486s ]
SQL: SELECT `id` FROM `kh_student` WHERE `account` = '2015081149' LIMIT 1   [ RunTime:0.0454s ]
SQL: SELECT COUNT(*) AS tp_count FROM `kh_test_final` WHERE `testpaper_id` = 1 AND `student_id` = 1 LIMIT 1   [ RunTime:0.0492s ]
SQL: SELECT `question_id`,`answer_id`,`is_true` FROM `kh_test_final` WHERE `testpaper_id` = 1 AND `student_id` = 1 LIMIT 0,4   [ RunTime:0.0464s ]
SQL: SHOW COLUMNS FROM `kh_question` [ RunTime:0.0485s ]
SQL: SELECT `content` FROM `kh_question` WHERE `id` = 1 LIMIT 1   [ RunTime:0.0517s ]
SQL: SHOW COLUMNS FROM `kh_answer` [ RunTime:0.0462s ]
SQL: SELECT `id`,`content`,`is_true` FROM `kh_answer` WHERE `question_id` = 1  [ RunTime:0.0464s ]
SQL: SHOW COLUMNS FROM `kh_question_know` [ RunTime:0.0472s ]
SQL: SELECT `knowledge_id` FROM `kh_question_know` WHERE `question_id` = 1  [ RunTime:0.0489s ]
SQL: SHOW COLUMNS FROM `kh_knowledge` [ RunTime:0.0515s ]
SQL: SELECT `name` FROM `kh_knowledge` WHERE `id` = 1 LIMIT 1   [ RunTime:0.0457s ]
SQL: SELECT `content` FROM `kh_question` WHERE `id` = 20 LIMIT 1   [ RunTime:0.0435s ]
SQL: SELECT `id`,`content`,`is_true` FROM `kh_answer` WHERE `question_id` = 20  [ RunTime:0.0493s ]
SQL: SELECT `knowledge_id` FROM `kh_question_know` WHERE `question_id` = 20  [ RunTime:0.0449s ]
SQL: SELECT `name` FROM `kh_knowledge` WHERE `id` = 1 LIMIT 1   [ RunTime:0.0557s ]
SQL: SELECT `name` FROM `kh_knowledge` WHERE `id` = 2 LIMIT 1   [ RunTime:0.0494s ]
SQL: SELECT `content` FROM `kh_question` WHERE `id` = 24 LIMIT 1   [ RunTime:0.0460s ]
SQL: SELECT `id`,`content`,`is_true` FROM `kh_answer` WHERE `question_id` = 24  [ RunTime:0.0465s ]
SQL: SELECT `knowledge_id` FROM `kh_question_know` WHERE `question_id` = 24  [ RunTime:0.0460s ]
SQL: SELECT `name` FROM `kh_knowledge` WHERE `id` = 1 LIMIT 1   [ RunTime:0.0472s ]
SQL: SELECT `content` FROM `kh_question` WHERE `id` = 25 LIMIT 1   [ RunTime:0.0453s ]
SQL: SELECT `id`,`content`,`is_true` FROM `kh_answer` WHERE `question_id` = 25  [ RunTime:0.0506s ]
SQL: SELECT `knowledge_id` FROM `kh_question_know` WHERE `question_id` = 25  [ RunTime:0.0458s ]
SQL: SELECT `name` FROM `kh_knowledge` WHERE `id` = 1 LIMIT 1   [ RunTime:0.0456s ]

[ 2017-12-22T10:43:24+08:00 ] 127.0.0.1 /Student/TestRecord/getDetails.html?testpaper_id=1&type=all&requestPage=2
INFO: [ app_begin ] --START--
INFO: Run Behavior\ReadHtmlCacheBehavior [ RunTime:0.000328s ]
INFO: [ app_begin ] --END-- [ RunTime:0.000639s ]
SQL: SHOW COLUMNS FROM `kh_test_final` [ RunTime:0.0623s ]
SQL: SHOW COLUMNS FROM `kh_testpaper` [ RunTime:0.0596s ]
SQL: SELECT `name`,`full_score`,`pass_score`,`type_id`,kh_paper_courserclass.create_by FROM `kh_testpaper` INNER JOIN kh_paper_courserclass ON kh_paper_courserclass.testpaper_id = kh_testpaper.id  WHERE `id` = '1'  [ RunTime:0.0561s ]
SQL: SHOW COLUMNS FROM `kh_dict` [ RunTime:0.0577s ]
SQL: SELECT `label` FROM `kh_dict` WHERE `type` = 'testType' AND `value` = '1' LIMIT 1   [ RunTime:0.0460s ]
SQL: SHOW COLUMNS FROM `kh_score` [ RunTime:0.0556s ]
SQL: SELECT `score` FROM `kh_score` WHERE `account` = 2015081149 AND `testpaper_id` = 1 LIMIT 1   [ RunTime:0.0577s ]
SQL: SHOW COLUMNS FROM `kh_student` [ RunTime:0.0566s ]
SQL: SELECT `id` FROM `kh_student` WHERE `account` = '2015081149' LIMIT 1   [ RunTime:0.0599s ]
SQL: SELECT COUNT(*) AS tp_count FROM `kh_test_final` WHERE `testpaper_id` = 1 AND `student_id` = 1 LIMIT 1   [ RunTime:0.0514s ]
SQL: SELECT `question_id`,`answer_id`,`is_true` FROM `kh_test_final` WHERE `testpaper_id` = 1 AND `student_id` = 1 LIMIT 4,4   [ RunTime:0.0475s ]

[ 2017-12-22T10:43:28+08:00 ] 127.0.0.1 /Student/TestRecord/getDetails.html?testpaper_id=1&type=0&requestPage=1
INFO: [ app_begin ] --START--
INFO: Run Behavior\ReadHtmlCacheBehavior [ RunTime:0.000331s ]
INFO: [ app_begin ] --END-- [ RunTime:0.000631s ]
SQL: SHOW COLUMNS FROM `kh_test_final` [ RunTime:0.0358s ]
SQL: SHOW COLUMNS FROM `kh_testpaper` [ RunTime:0.0384s ]
SQL: SELECT `name`,`full_score`,`pass_score`,`type_id`,kh_paper_courserclass.create_by FROM `kh_testpaper` INNER JOIN kh_paper_courserclass ON kh_paper_courserclass.testpaper_id = kh_testpaper.id  WHERE `id` = '1'  [ RunTime:0.0367s ]
SQL: SHOW COLUMNS FROM `kh_dict` [ RunTime:0.0362s ]
SQL: SELECT `label` FROM `kh_dict` WHERE `type` = 'testType' AND `value` = '1' LIMIT 1   [ RunTime:0.0337s ]
SQL: SHOW COLUMNS FROM `kh_score` [ RunTime:0.0349s ]
SQL: SELECT `score` FROM `kh_score` WHERE `account` = 2015081149 AND `testpaper_id` = 1 LIMIT 1   [ RunTime:0.2966s ]
SQL: SHOW COLUMNS FROM `kh_student` [ RunTime:0.0605s ]
SQL: SELECT `id` FROM `kh_student` WHERE `account` = '2015081149' LIMIT 1   [ RunTime:0.0619s ]
SQL: SELECT COUNT(*) AS tp_count FROM `kh_test_final` WHERE `testpaper_id` = 1 AND `student_id` = 1 AND `is_true` = 0 LIMIT 1   [ RunTime:0.0544s ]
SQL: SELECT `question_id`,`answer_id`,`is_true` FROM `kh_test_final` WHERE `testpaper_id` = 1 AND `student_id` = 1 AND `is_true` = 0 LIMIT 0,4   [ RunTime:0.0450s ]
SQL: SHOW COLUMNS FROM `kh_question` [ RunTime:0.0594s ]
SQL: SELECT `content` FROM `kh_question` WHERE `id` = 1 LIMIT 1   [ RunTime:0.0452s ]
SQL: SHOW COLUMNS FROM `kh_answer` [ RunTime:0.0576s ]
SQL: SELECT `id`,`content`,`is_true` FROM `kh_answer` WHERE `question_id` = 1  [ RunTime:0.0460s ]
SQL: SHOW COLUMNS FROM `kh_question_know` [ RunTime:0.0548s ]
SQL: SELECT `knowledge_id` FROM `kh_question_know` WHERE `question_id` = 1  [ RunTime:0.0594s ]
SQL: SHOW COLUMNS FROM `kh_knowledge` [ RunTime:0.0643s ]
SQL: SELECT `name` FROM `kh_knowledge` WHERE `id` = 1 LIMIT 1   [ RunTime:0.0517s ]
SQL: SELECT `content` FROM `kh_question` WHERE `id` = 24 LIMIT 1   [ RunTime:0.0485s ]
SQL: SELECT `id`,`content`,`is_true` FROM `kh_answer` WHERE `question_id` = 24  [ RunTime:0.0561s ]
SQL: SELECT `knowledge_id` FROM `kh_question_know` WHERE `question_id` = 24  [ RunTime:0.0522s ]
SQL: SELECT `name` FROM `kh_knowledge` WHERE `id` = 1 LIMIT 1   [ RunTime:0.0577s ]
SQL: SELECT `content` FROM `kh_question` WHERE `id` = 25 LIMIT 1   [ RunTime:0.0633s ]
SQL: SELECT `id`,`content`,`is_true` FROM `kh_answer` WHERE `question_id` = 25  [ RunTime:0.0654s ]
SQL: SELECT `knowledge_id` FROM `kh_question_know` WHERE `question_id` = 25  [ RunTime:0.0585s ]
SQL: SELECT `name` FROM `kh_knowledge` WHERE `id` = 1 LIMIT 1   [ RunTime:0.0623s ]

[ 2017-12-22T10:43:36+08:00 ] 127.0.0.1 /Student/TestRecord/getDetails.html?testpaper_id=1&type=1&requestPage=1
INFO: [ app_begin ] --START--
INFO: Run Behavior\ReadHtmlCacheBehavior [ RunTime:0.000359s ]
INFO: [ app_begin ] --END-- [ RunTime:0.001085s ]
SQL: SHOW COLUMNS FROM `kh_test_final` [ RunTime:0.0433s ]
SQL: SHOW COLUMNS FROM `kh_testpaper` [ RunTime:0.0423s ]
SQL: SELECT `name`,`full_score`,`pass_score`,`type_id`,kh_paper_courserclass.create_by FROM `kh_testpaper` INNER JOIN kh_paper_courserclass ON kh_paper_courserclass.testpaper_id = kh_testpaper.id  WHERE `id` = '1'  [ RunTime:0.0393s ]
SQL: SHOW COLUMNS FROM `kh_dict` [ RunTime:0.0403s ]
SQL: SELECT `label` FROM `kh_dict` WHERE `type` = 'testType' AND `value` = '1' LIMIT 1   [ RunTime:0.0392s ]
SQL: SHOW COLUMNS FROM `kh_score` [ RunTime:0.0433s ]
SQL: SELECT `score` FROM `kh_score` WHERE `account` = 2015081149 AND `testpaper_id` = 1 LIMIT 1   [ RunTime:0.0396s ]
SQL: SHOW COLUMNS FROM `kh_student` [ RunTime:0.0506s ]
SQL: SELECT `id` FROM `kh_student` WHERE `account` = '2015081149' LIMIT 1   [ RunTime:0.0484s ]
SQL: SELECT COUNT(*) AS tp_count FROM `kh_test_final` WHERE `testpaper_id` = 1 AND `student_id` = 1 AND `is_true` = 1 LIMIT 1   [ RunTime:0.0429s ]
SQL: SELECT `question_id`,`answer_id`,`is_true` FROM `kh_test_final` WHERE `testpaper_id` = 1 AND `student_id` = 1 AND `is_true` = 1 LIMIT 0,4   [ RunTime:0.0387s ]
SQL: SHOW COLUMNS FROM `kh_question` [ RunTime:0.0408s ]
SQL: SELECT `content` FROM `kh_question` WHERE `id` = 20 LIMIT 1   [ RunTime:0.0402s ]
SQL: SHOW COLUMNS FROM `kh_answer` [ RunTime:0.0409s ]
SQL: SELECT `id`,`content`,`is_true` FROM `kh_answer` WHERE `question_id` = 20  [ RunTime:0.0422s ]
SQL: SHOW COLUMNS FROM `kh_question_know` [ RunTime:0.0386s ]
SQL: SELECT `knowledge_id` FROM `kh_question_know` WHERE `question_id` = 20  [ RunTime:0.0401s ]
SQL: SHOW COLUMNS FROM `kh_knowledge` [ RunTime:0.0416s ]
SQL: SELECT `name` FROM `kh_knowledge` WHERE `id` = 1 LIMIT 1   [ RunTime:0.0386s ]
SQL: SELECT `name` FROM `kh_knowledge` WHERE `id` = 2 LIMIT 1   [ RunTime:0.0384s ]

[ 2017-12-22T10:43:40+08:00 ] 127.0.0.1 /Student/TestRecord/getDetails.html?testpaper_id=1&type=0&requestPage=1
INFO: [ app_begin ] --START--
INFO: Run Behavior\ReadHtmlCacheBehavior [ RunTime:0.000298s ]
INFO: [ app_begin ] --END-- [ RunTime:0.000528s ]
SQL: SHOW COLUMNS FROM `kh_test_final` [ RunTime:0.0425s ]
SQL: SHOW COLUMNS FROM `kh_testpaper` [ RunTime:0.0437s ]
SQL: SELECT `name`,`full_score`,`pass_score`,`type_id`,kh_paper_courserclass.create_by FROM `kh_testpaper` INNER JOIN kh_paper_courserclass ON kh_paper_courserclass.testpaper_id = kh_testpaper.id  WHERE `id` = '1'  [ RunTime:0.0406s ]
SQL: SHOW COLUMNS FROM `kh_dict` [ RunTime:0.0423s ]
SQL: SELECT `label` FROM `kh_dict` WHERE `type` = 'testType' AND `value` = '1' LIMIT 1   [ RunTime:0.0392s ]
SQL: SHOW COLUMNS FROM `kh_score` [ RunTime:0.0455s ]
SQL: SELECT `score` FROM `kh_score` WHERE `account` = 2015081149 AND `testpaper_id` = 1 LIMIT 1   [ RunTime:0.0421s ]
SQL: SHOW COLUMNS FROM `kh_student` [ RunTime:0.0501s ]
SQL: SELECT `id` FROM `kh_student` WHERE `account` = '2015081149' LIMIT 1   [ RunTime:0.0429s ]
SQL: SELECT COUNT(*) AS tp_count FROM `kh_test_final` WHERE `testpaper_id` = 1 AND `student_id` = 1 AND `is_true` = 0 LIMIT 1   [ RunTime:0.0453s ]
SQL: SELECT `question_id`,`answer_id`,`is_true` FROM `kh_test_final` WHERE `testpaper_id` = 1 AND `student_id` = 1 AND `is_true` = 0 LIMIT 0,4   [ RunTime:0.0396s ]
SQL: SHOW COLUMNS FROM `kh_question` [ RunTime:0.0395s ]
SQL: SELECT `content` FROM `kh_question` WHERE `id` = 1 LIMIT 1   [ RunTime:0.0405s ]
SQL: SHOW COLUMNS FROM `kh_answer` [ RunTime:0.0412s ]
SQL: SELECT `id`,`content`,`is_true` FROM `kh_answer` WHERE `question_id` = 1  [ RunTime:0.0379s ]
SQL: SHOW COLUMNS FROM `kh_question_know` [ RunTime:0.0444s ]
SQL: SELECT `knowledge_id` FROM `kh_question_know` WHERE `question_id` = 1  [ RunTime:0.0389s ]
SQL: SHOW COLUMNS FROM `kh_knowledge` [ RunTime:0.0392s ]
SQL: SELECT `name` FROM `kh_knowledge` WHERE `id` = 1 LIMIT 1   [ RunTime:0.0393s ]
SQL: SELECT `content` FROM `kh_question` WHERE `id` = 24 LIMIT 1   [ RunTime:0.0411s ]
SQL: SELECT `id`,`content`,`is_true` FROM `kh_answer` WHERE `question_id` = 24  [ RunTime:0.0406s ]
SQL: SELECT `knowledge_id` FROM `kh_question_know` WHERE `question_id` = 24  [ RunTime:0.0408s ]
SQL: SELECT `name` FROM `kh_knowledge` WHERE `id` = 1 LIMIT 1   [ RunTime:0.0392s ]
SQL: SELECT `content` FROM `kh_question` WHERE `id` = 25 LIMIT 1   [ RunTime:0.0411s ]
SQL: SELECT `id`,`content`,`is_true` FROM `kh_answer` WHERE `question_id` = 25  [ RunTime:0.0389s ]
SQL: SELECT `knowledge_id` FROM `kh_question_know` WHERE `question_id` = 25  [ RunTime:0.0408s ]
SQL: SELECT `name` FROM `kh_knowledge` WHERE `id` = 1 LIMIT 1   [ RunTime:0.0393s ]

[ 2017-12-22T10:43:44+08:00 ] 127.0.0.1 /Student/TestPaper/paperList.html
INFO: [ app_begin ] --START--
INFO: Run Behavior\ReadHtmlCacheBehavior [ RunTime:0.000309s ]
INFO: [ app_begin ] --END-- [ RunTime:0.000545s ]
SQL: SHOW COLUMNS FROM `kh_class_student` [ RunTime:0.0674s ]
SQL: SELECT `courseclass_id` FROM `kh_class_student` WHERE `account` = '2015081149'  [ RunTime:0.0638s ]
SQL: SHOW COLUMNS FROM `kh_paper_courserclass` [ RunTime:0.0569s ]
SQL: SELECT `testpaper_id`,`courserclass_id`,t1.start_time,t1.end_time,kh_courseclass.name as courseclassName FROM kh_paper_courserclass as t1 INNER JOIN kh_courseclass ON kh_courseclass.id = courserclass_id  WHERE `courserclass_id` IN ('1')  [ RunTime:0.0572s ]
SQL: SHOW COLUMNS FROM `kh_score` [ RunTime:0.0743s ]
SQL: SELECT `testpaper_id` FROM `kh_score` WHERE `account` = 2015081149  [ RunTime:0.0596s ]

[ 2017-12-22T10:43:45+08:00 ] 127.0.0.1 /Student/TestRecord/getRecord.html?type=&requestPage=1
INFO: [ app_begin ] --START--
INFO: Run Behavior\ReadHtmlCacheBehavior [ RunTime:0.000334s ]
INFO: [ app_begin ] --END-- [ RunTime:0.000613s ]
SQL: SHOW COLUMNS FROM `kh_paper_courserclass` [ RunTime:0.0632s ]
SQL: SELECT testpaper_id,end_time FROM `kh_paper_courserclass` INNER JOIN kh_class_student ON kh_class_student.courseclass_id= kh_paper_courserclass.courserclass_id  WHERE `account` = '2015081149'  [ RunTime:0.0650s ]
SQL: SELECT `testpaper_id`,`start_time`,kh_testpaper.name,kh_testpaper.pass_score,kh_testpaper.full_score,kh_paper_courserclass.create_by FROM `kh_paper_courserclass` INNER JOIN kh_testpaper ON kh_testpaper.id = kh_paper_courserclass.testpaper_id  WHERE `testpaper_id` = '1'  [ RunTime:0.0585s ]

